{"/Users/kopcion/nurse-scheduling-problem-frontend/src/app.tsx": {"path":"/Users/kopcion/nurse-scheduling-problem-frontend/src/app.tsx","statementMap":{"0":{"start":{"line":36,"column":18},"end":{"line":55,"column":3}},"1":{"start":{"line":36,"column":36},"end":{"line":55,"column":1}},"2":{"start":{"line":57,"column":0},"end":{"line":60,"column":3}},"3":{"start":{"line":62,"column":18},"end":{"line":62,"column":29}},"4":{"start":{"line":63,"column":29},"end":{"line":63,"column":42}},"5":{"start":{"line":64,"column":56},"end":{"line":64,"column":80}},"6":{"start":{"line":65,"column":40},"end":{"line":65,"column":55}},"7":{"start":{"line":66,"column":22},"end":{"line":66,"column":36}},"8":{"start":{"line":67,"column":40},"end":{"line":69,"column":3}},"9":{"start":{"line":68,"column":38},"end":{"line":68,"column":96}},"10":{"start":{"line":70,"column":30},"end":{"line":72,"column":3}},"11":{"start":{"line":71,"column":38},"end":{"line":71,"column":82}},"12":{"start":{"line":73,"column":26},"end":{"line":75,"column":3}},"13":{"start":{"line":74,"column":38},"end":{"line":74,"column":82}},"14":{"start":{"line":76,"column":23},"end":{"line":98,"column":3}},"15":{"start":{"line":77,"column":10},"end":{"line":96,"column":5}},"16":{"start":{"line":83,"column":14},"end":{"line":83,"column":42}},"17":{"start":{"line":87,"column":30},"end":{"line":87,"column":55}},"18":{"start":{"line":93,"column":30},"end":{"line":93,"column":57}},"19":{"start":{"line":99,"column":2},"end":{"line":101,"column":37}},"20":{"start":{"line":100,"column":4},"end":{"line":100,"column":59}},"21":{"start":{"line":103,"column":27},"end":{"line":117,"column":8}},"22":{"start":{"line":104,"column":4},"end":{"line":115,"column":5}},"23":{"start":{"line":105,"column":25},"end":{"line":105,"column":79}},"24":{"start":{"line":106,"column":21},"end":{"line":106,"column":92}},"25":{"start":{"line":107,"column":6},"end":{"line":107,"column":33}},"26":{"start":{"line":109,"column":21},"end":{"line":112,"column":7}},"27":{"start":{"line":114,"column":6},"end":{"line":114,"column":33}},"28":{"start":{"line":119,"column":2},"end":{"line":121,"column":25}},"29":{"start":{"line":120,"column":4},"end":{"line":120,"column":23}},"30":{"start":{"line":123,"column":2},"end":{"line":133,"column":9}},"31":{"start":{"line":124,"column":26},"end":{"line":131,"column":5}},"32":{"start":{"line":125,"column":27},"end":{"line":125,"column":58}},"33":{"start":{"line":126,"column":28},"end":{"line":126,"column":50}},"34":{"start":{"line":127,"column":6},"end":{"line":130,"column":7}},"35":{"start":{"line":128,"column":8},"end":{"line":128,"column":53}},"36":{"start":{"line":129,"column":8},"end":{"line":129,"column":45}},"37":{"start":{"line":132,"column":4},"end":{"line":132,"column":20}},"38":{"start":{"line":135,"column":2},"end":{"line":157,"column":4}}},"fnMap":{"0":{"name":"(anonymous_0)","decl":{"start":{"line":36,"column":29},"end":{"line":36,"column":30}},"loc":{"start":{"line":36,"column":36},"end":{"line":55,"column":1}},"line":36},"1":{"name":"App","decl":{"start":{"line":61,"column":9},"end":{"line":61,"column":12}},"loc":{"start":{"line":61,"column":28},"end":{"line":158,"column":1}},"line":61},"2":{"name":"(anonymous_2)","decl":{"start":{"line":68,"column":4},"end":{"line":68,"column":5}},"loc":{"start":{"line":68,"column":38},"end":{"line":68,"column":96}},"line":68},"3":{"name":"(anonymous_3)","decl":{"start":{"line":71,"column":4},"end":{"line":71,"column":5}},"loc":{"start":{"line":71,"column":38},"end":{"line":71,"column":82}},"line":71},"4":{"name":"(anonymous_4)","decl":{"start":{"line":74,"column":4},"end":{"line":74,"column":5}},"loc":{"start":{"line":74,"column":38},"end":{"line":74,"column":82}},"line":74},"5":{"name":"(anonymous_5)","decl":{"start":{"line":77,"column":4},"end":{"line":77,"column":5}},"loc":{"start":{"line":77,"column":10},"end":{"line":96,"column":5}},"line":77},"6":{"name":"(anonymous_6)","decl":{"start":{"line":82,"column":29},"end":{"line":82,"column":30}},"loc":{"start":{"line":82,"column":38},"end":{"line":84,"column":13}},"line":82},"7":{"name":"(anonymous_7)","decl":{"start":{"line":87,"column":18},"end":{"line":87,"column":19}},"loc":{"start":{"line":87,"column":30},"end":{"line":87,"column":55}},"line":87},"8":{"name":"(anonymous_8)","decl":{"start":{"line":93,"column":18},"end":{"line":93,"column":19}},"loc":{"start":{"line":93,"column":30},"end":{"line":93,"column":57}},"line":93},"9":{"name":"(anonymous_9)","decl":{"start":{"line":99,"column":12},"end":{"line":99,"column":13}},"loc":{"start":{"line":99,"column":18},"end":{"line":101,"column":3}},"line":99},"10":{"name":"(anonymous_10)","decl":{"start":{"line":103,"column":39},"end":{"line":103,"column":40}},"loc":{"start":{"line":103,"column":45},"end":{"line":117,"column":3}},"line":103},"11":{"name":"(anonymous_11)","decl":{"start":{"line":119,"column":12},"end":{"line":119,"column":13}},"loc":{"start":{"line":119,"column":18},"end":{"line":121,"column":3}},"line":119},"12":{"name":"(anonymous_12)","decl":{"start":{"line":123,"column":12},"end":{"line":123,"column":13}},"loc":{"start":{"line":123,"column":18},"end":{"line":133,"column":3}},"line":123},"13":{"name":"(anonymous_13)","decl":{"start":{"line":124,"column":26},"end":{"line":124,"column":27}},"loc":{"start":{"line":124,"column":53},"end":{"line":131,"column":5}},"line":124}},"branchMap":{"0":{"loc":{"start":{"line":100,"column":27},"end":{"line":100,"column":57}},"type":"binary-expr","locations":[{"start":{"line":100,"column":27},"end":{"line":100,"column":42}},{"start":{"line":100,"column":46},"end":{"line":100,"column":57}}],"line":100},"1":{"loc":{"start":{"line":104,"column":4},"end":{"line":115,"column":5}},"type":"if","locations":[{"start":{"line":104,"column":4},"end":{"line":115,"column":5}},{"start":{"line":104,"column":4},"end":{"line":115,"column":5}}],"line":104},"2":{"loc":{"start":{"line":127,"column":6},"end":{"line":130,"column":7}},"type":"if","locations":[{"start":{"line":127,"column":6},"end":{"line":130,"column":7}},{"start":{"line":127,"column":6},"end":{"line":130,"column":7}}],"line":127},"3":{"loc":{"start":{"line":129,"column":8},"end":{"line":129,"column":44}},"type":"binary-expr","locations":[{"start":{"line":129,"column":8},"end":{"line":129,"column":20}},{"start":{"line":129,"column":24},"end":{"line":129,"column":44}}],"line":129}},"s":{"0":57,"1":57,"2":57,"3":686,"4":686,"5":686,"6":686,"7":686,"8":686,"9":1402,"10":686,"11":1402,"12":686,"13":1402,"14":686,"15":114,"16":34,"17":7,"18":13,"19":686,"20":141,"21":686,"22":57,"23":0,"24":0,"25":0,"26":57,"27":57,"28":686,"29":57,"30":686,"31":57,"32":57,"33":57,"34":57,"35":54,"36":54,"37":57,"38":686},"f":{"0":57,"1":686,"2":1402,"3":1402,"4":1402,"5":114,"6":34,"7":7,"8":13,"9":141,"10":57,"11":57,"12":57,"13":57},"b":{"0":[141,71],"1":[0,57],"2":[54,3],"3":[54,0]},"_coverageSchema":"1a1c01bbd47fc00a2c39e90264f33305004495a9","hash":"fb36f45f1c2acbb1a8c59ee10497a66e47b1e8dd"}
,"/Users/kopcion/nurse-scheduling-problem-frontend/src/index.tsx": {"path":"/Users/kopcion/nurse-scheduling-problem-frontend/src/index.tsx","statementMap":{"0":{"start":{"line":21,"column":16},"end":{"line":21,"column":38}},"1":{"start":{"line":37,"column":25},"end":{"line":40,"column":1}},"2":{"start":{"line":41,"column":24},"end":{"line":41,"column":65}},"3":{"start":{"line":43,"column":0},"end":{"line":58,"column":2}},"4":{"start":{"line":60,"column":0},"end":{"line":62,"column":1}},"5":{"start":{"line":61,"column":2},"end":{"line":61,"column":35}},"6":{"start":{"line":66,"column":0},"end":{"line":66,"column":27}}},"fnMap":{},"branchMap":{"0":{"loc":{"start":{"line":60,"column":0},"end":{"line":62,"column":1}},"type":"if","locations":[{"start":{"line":60,"column":0},"end":{"line":62,"column":1}},{"start":{"line":60,"column":0},"end":{"line":62,"column":1}}],"line":60}},"s":{"0":57,"1":57,"2":57,"3":57,"4":57,"5":57,"6":57},"f":{},"b":{"0":[57,0]},"_coverageSchema":"1a1c01bbd47fc00a2c39e90264f33305004495a9","hash":"995a364846d7ca3397b2dce929877c2e4b573958"}
,"/Users/kopcion/nurse-scheduling-problem-frontend/src/react-app-env.d.ts": {"path":"/Users/kopcion/nurse-scheduling-problem-frontend/src/react-app-env.d.ts","statementMap":{},"fnMap":{},"branchMap":{},"s":{},"f":{},"b":{}}
,"/Users/kopcion/nurse-scheduling-problem-frontend/src/serviceWorker.ts": {"path":"/Users/kopcion/nurse-scheduling-problem-frontend/src/serviceWorker.ts","statementMap":{"0":{"start":{"line":17,"column":20},"end":{"line":23,"column":1}},"1":{"start":{"line":26,"column":2},"end":{"line":56,"column":3}},"2":{"start":{"line":28,"column":22},"end":{"line":28,"column":75}},"3":{"start":{"line":29,"column":4},"end":{"line":34,"column":5}},"4":{"start":{"line":33,"column":6},"end":{"line":33,"column":13}},"5":{"start":{"line":36,"column":4},"end":{"line":55,"column":7}},"6":{"start":{"line":37,"column":20},"end":{"line":37,"column":65}},"7":{"start":{"line":39,"column":6},"end":{"line":54,"column":7}},"8":{"start":{"line":41,"column":8},"end":{"line":41,"column":47}},"9":{"start":{"line":45,"column":8},"end":{"line":50,"column":11}},"10":{"start":{"line":46,"column":10},"end":{"line":49,"column":12}},"11":{"start":{"line":53,"column":8},"end":{"line":53,"column":39}},"12":{"start":{"line":60,"column":2},"end":{"line":100,"column":7}},"13":{"start":{"line":63,"column":6},"end":{"line":96,"column":8}},"14":{"start":{"line":64,"column":33},"end":{"line":64,"column":56}},"15":{"start":{"line":65,"column":8},"end":{"line":67,"column":9}},"16":{"start":{"line":66,"column":10},"end":{"line":66,"column":17}},"17":{"start":{"line":68,"column":8},"end":{"line":95,"column":10}},"18":{"start":{"line":69,"column":10},"end":{"line":94,"column":11}},"19":{"start":{"line":70,"column":12},"end":{"line":93,"column":13}},"20":{"start":{"line":74,"column":14},"end":{"line":77,"column":16}},"21":{"start":{"line":80,"column":14},"end":{"line":82,"column":15}},"22":{"start":{"line":81,"column":16},"end":{"line":81,"column":46}},"23":{"start":{"line":87,"column":14},"end":{"line":87,"column":64}},"24":{"start":{"line":90,"column":14},"end":{"line":92,"column":15}},"25":{"start":{"line":91,"column":16},"end":{"line":91,"column":47}},"26":{"start":{"line":99,"column":6},"end":{"line":99,"column":72}},"27":{"start":{"line":105,"column":2},"end":{"line":128,"column":7}},"28":{"start":{"line":110,"column":26},"end":{"line":110,"column":62}},"29":{"start":{"line":111,"column":6},"end":{"line":124,"column":7}},"30":{"start":{"line":116,"column":8},"end":{"line":120,"column":11}},"31":{"start":{"line":117,"column":10},"end":{"line":119,"column":13}},"32":{"start":{"line":118,"column":12},"end":{"line":118,"column":37}},"33":{"start":{"line":123,"column":8},"end":{"line":123,"column":39}},"34":{"start":{"line":127,"column":6},"end":{"line":127,"column":83}},"35":{"start":{"line":132,"column":2},"end":{"line":140,"column":3}},"36":{"start":{"line":133,"column":4},"end":{"line":139,"column":9}},"37":{"start":{"line":135,"column":8},"end":{"line":135,"column":34}},"38":{"start":{"line":138,"column":8},"end":{"line":138,"column":37}}},"fnMap":{"0":{"name":"register","decl":{"start":{"line":25,"column":16},"end":{"line":25,"column":24}},"loc":{"start":{"line":25,"column":39},"end":{"line":57,"column":1}},"line":25},"1":{"name":"(anonymous_1)","decl":{"start":{"line":36,"column":36},"end":{"line":36,"column":37}},"loc":{"start":{"line":36,"column":42},"end":{"line":55,"column":5}},"line":36},"2":{"name":"(anonymous_2)","decl":{"start":{"line":45,"column":43},"end":{"line":45,"column":44}},"loc":{"start":{"line":45,"column":49},"end":{"line":50,"column":9}},"line":45},"3":{"name":"registerValidSW","decl":{"start":{"line":59,"column":9},"end":{"line":59,"column":24}},"loc":{"start":{"line":59,"column":46},"end":{"line":101,"column":1}},"line":59},"4":{"name":"(anonymous_4)","decl":{"start":{"line":62,"column":10},"end":{"line":62,"column":11}},"loc":{"start":{"line":62,"column":28},"end":{"line":97,"column":5}},"line":62},"5":{"name":"(anonymous_5)","decl":{"start":{"line":63,"column":35},"end":{"line":63,"column":36}},"loc":{"start":{"line":63,"column":47},"end":{"line":96,"column":7}},"line":63},"6":{"name":"(anonymous_6)","decl":{"start":{"line":68,"column":41},"end":{"line":68,"column":42}},"loc":{"start":{"line":68,"column":53},"end":{"line":95,"column":9}},"line":68},"7":{"name":"(anonymous_7)","decl":{"start":{"line":98,"column":11},"end":{"line":98,"column":12}},"loc":{"start":{"line":98,"column":22},"end":{"line":100,"column":5}},"line":98},"8":{"name":"checkValidServiceWorker","decl":{"start":{"line":103,"column":9},"end":{"line":103,"column":32}},"loc":{"start":{"line":103,"column":54},"end":{"line":129,"column":1}},"line":103},"9":{"name":"(anonymous_9)","decl":{"start":{"line":108,"column":10},"end":{"line":108,"column":11}},"loc":{"start":{"line":108,"column":24},"end":{"line":125,"column":5}},"line":108},"10":{"name":"(anonymous_10)","decl":{"start":{"line":116,"column":43},"end":{"line":116,"column":44}},"loc":{"start":{"line":116,"column":61},"end":{"line":120,"column":9}},"line":116},"11":{"name":"(anonymous_11)","decl":{"start":{"line":117,"column":41},"end":{"line":117,"column":42}},"loc":{"start":{"line":117,"column":47},"end":{"line":119,"column":11}},"line":117},"12":{"name":"(anonymous_12)","decl":{"start":{"line":126,"column":11},"end":{"line":126,"column":12}},"loc":{"start":{"line":126,"column":17},"end":{"line":128,"column":5}},"line":126},"13":{"name":"unregister","decl":{"start":{"line":131,"column":16},"end":{"line":131,"column":26}},"loc":{"start":{"line":131,"column":35},"end":{"line":141,"column":1}},"line":131},"14":{"name":"(anonymous_14)","decl":{"start":{"line":134,"column":12},"end":{"line":134,"column":13}},"loc":{"start":{"line":134,"column":30},"end":{"line":136,"column":7}},"line":134},"15":{"name":"(anonymous_15)","decl":{"start":{"line":137,"column":13},"end":{"line":137,"column":14}},"loc":{"start":{"line":137,"column":24},"end":{"line":139,"column":7}},"line":137}},"branchMap":{"0":{"loc":{"start":{"line":18,"column":2},"end":{"line":22,"column":92}},"type":"binary-expr","locations":[{"start":{"line":18,"column":2},"end":{"line":18,"column":42}},{"start":{"line":20,"column":4},"end":{"line":20,"column":40}},{"start":{"line":22,"column":4},"end":{"line":22,"column":92}}],"line":18},"1":{"loc":{"start":{"line":26,"column":2},"end":{"line":56,"column":3}},"type":"if","locations":[{"start":{"line":26,"column":2},"end":{"line":56,"column":3}},{"start":{"line":26,"column":2},"end":{"line":56,"column":3}}],"line":26},"2":{"loc":{"start":{"line":26,"column":6},"end":{"line":26,"column":75}},"type":"binary-expr","locations":[{"start":{"line":26,"column":6},"end":{"line":26,"column":43}},{"start":{"line":26,"column":47},"end":{"line":26,"column":75}}],"line":26},"3":{"loc":{"start":{"line":29,"column":4},"end":{"line":34,"column":5}},"type":"if","locations":[{"start":{"line":29,"column":4},"end":{"line":34,"column":5}},{"start":{"line":29,"column":4},"end":{"line":34,"column":5}}],"line":29},"4":{"loc":{"start":{"line":39,"column":6},"end":{"line":54,"column":7}},"type":"if","locations":[{"start":{"line":39,"column":6},"end":{"line":54,"column":7}},{"start":{"line":39,"column":6},"end":{"line":54,"column":7}}],"line":39},"5":{"loc":{"start":{"line":65,"column":8},"end":{"line":67,"column":9}},"type":"if","locations":[{"start":{"line":65,"column":8},"end":{"line":67,"column":9}},{"start":{"line":65,"column":8},"end":{"line":67,"column":9}}],"line":65},"6":{"loc":{"start":{"line":69,"column":10},"end":{"line":94,"column":11}},"type":"if","locations":[{"start":{"line":69,"column":10},"end":{"line":94,"column":11}},{"start":{"line":69,"column":10},"end":{"line":94,"column":11}}],"line":69},"7":{"loc":{"start":{"line":70,"column":12},"end":{"line":93,"column":13}},"type":"if","locations":[{"start":{"line":70,"column":12},"end":{"line":93,"column":13}},{"start":{"line":70,"column":12},"end":{"line":93,"column":13}}],"line":70},"8":{"loc":{"start":{"line":80,"column":14},"end":{"line":82,"column":15}},"type":"if","locations":[{"start":{"line":80,"column":14},"end":{"line":82,"column":15}},{"start":{"line":80,"column":14},"end":{"line":82,"column":15}}],"line":80},"9":{"loc":{"start":{"line":80,"column":18},"end":{"line":80,"column":43}},"type":"binary-expr","locations":[{"start":{"line":80,"column":18},"end":{"line":80,"column":24}},{"start":{"line":80,"column":28},"end":{"line":80,"column":43}}],"line":80},"10":{"loc":{"start":{"line":90,"column":14},"end":{"line":92,"column":15}},"type":"if","locations":[{"start":{"line":90,"column":14},"end":{"line":92,"column":15}},{"start":{"line":90,"column":14},"end":{"line":92,"column":15}}],"line":90},"11":{"loc":{"start":{"line":90,"column":18},"end":{"line":90,"column":44}},"type":"binary-expr","locations":[{"start":{"line":90,"column":18},"end":{"line":90,"column":24}},{"start":{"line":90,"column":28},"end":{"line":90,"column":44}}],"line":90},"12":{"loc":{"start":{"line":111,"column":6},"end":{"line":124,"column":7}},"type":"if","locations":[{"start":{"line":111,"column":6},"end":{"line":124,"column":7}},{"start":{"line":111,"column":6},"end":{"line":124,"column":7}}],"line":111},"13":{"loc":{"start":{"line":112,"column":8},"end":{"line":113,"column":73}},"type":"binary-expr","locations":[{"start":{"line":112,"column":8},"end":{"line":112,"column":31}},{"start":{"line":113,"column":9},"end":{"line":113,"column":28}},{"start":{"line":113,"column":32},"end":{"line":113,"column":72}}],"line":112},"14":{"loc":{"start":{"line":132,"column":2},"end":{"line":140,"column":3}},"type":"if","locations":[{"start":{"line":132,"column":2},"end":{"line":140,"column":3}},{"start":{"line":132,"column":2},"end":{"line":140,"column":3}}],"line":132}},"s":{"0":57,"1":0,"2":0,"3":0,"4":0,"5":0,"6":0,"7":0,"8":0,"9":0,"10":0,"11":0,"12":0,"13":0,"14":0,"15":0,"16":0,"17":0,"18":0,"19":0,"20":0,"21":0,"22":0,"23":0,"24":0,"25":0,"26":0,"27":0,"28":0,"29":0,"30":0,"31":0,"32":0,"33":0,"34":0,"35":57,"36":57,"37":0,"38":0},"f":{"0":0,"1":0,"2":0,"3":0,"4":0,"5":0,"6":0,"7":0,"8":0,"9":0,"10":0,"11":0,"12":0,"13":57,"14":0,"15":0},"b":{"0":[57,0,0],"1":[0,0],"2":[0,0],"3":[0,0],"4":[0,0],"5":[0,0],"6":[0,0],"7":[0,0],"8":[0,0],"9":[0,0],"10":[0,0],"11":[0,0],"12":[0,0],"13":[0,0,0],"14":[57,0]},"_coverageSchema":"1a1c01bbd47fc00a2c39e90264f33305004495a9","hash":"fac4db13e0bf3cdfdd80f335749c9612a3f10f4d"}
,"/Users/kopcion/nurse-scheduling-problem-frontend/src/setupTests.ts": {"path":"/Users/kopcion/nurse-scheduling-problem-frontend/src/setupTests.ts","statementMap":{},"fnMap":{},"branchMap":{},"s":{},"f":{},"b":{}}
,"/Users/kopcion/nurse-scheduling-problem-frontend/src/api/backend.ts": {"path":"/Users/kopcion/nurse-scheduling-problem-frontend/src/api/backend.ts","statementMap":{"0":{"start":{"line":18,"column":4},"end":{"line":20,"column":7}},"1":{"start":{"line":21,"column":4},"end":{"line":26,"column":6}},"2":{"start":{"line":23,"column":8},"end":{"line":23,"column":77}},"3":{"start":{"line":24,"column":8},"end":{"line":24,"column":22}},"4":{"start":{"line":30,"column":4},"end":{"line":30,"column":61}},"5":{"start":{"line":30,"column":36},"end":{"line":30,"column":59}},"6":{"start":{"line":37,"column":27},"end":{"line":37,"column":70}},"7":{"start":{"line":38,"column":53},"end":{"line":40,"column":5}},"8":{"start":{"line":41,"column":33},"end":{"line":41,"column":97}},"9":{"start":{"line":43,"column":4},"end":{"line":61,"column":6}},"10":{"start":{"line":44,"column":6},"end":{"line":60,"column":70}},"11":{"start":{"line":46,"column":24},"end":{"line":46,"column":73}},"12":{"start":{"line":47,"column":26},"end":{"line":47,"column":73}},"13":{"start":{"line":49,"column":10},"end":{"line":53,"column":11}},"14":{"start":{"line":56,"column":10},"end":{"line":58,"column":11}},"15":{"start":{"line":57,"column":12},"end":{"line":57,"column":81}},"16":{"start":{"line":60,"column":26},"end":{"line":60,"column":69}}},"fnMap":{"0":{"name":"(anonymous_0)","decl":{"start":{"line":17,"column":2},"end":{"line":17,"column":3}},"loc":{"start":{"line":17,"column":16},"end":{"line":27,"column":3}},"line":17},"1":{"name":"(anonymous_1)","decl":{"start":{"line":22,"column":6},"end":{"line":22,"column":7}},"loc":{"start":{"line":22,"column":38},"end":{"line":25,"column":7}},"line":22},"2":{"name":"(anonymous_2)","decl":{"start":{"line":29,"column":2},"end":{"line":29,"column":3}},"loc":{"start":{"line":29,"column":42},"end":{"line":31,"column":3}},"line":29},"3":{"name":"(anonymous_3)","decl":{"start":{"line":30,"column":23},"end":{"line":30,"column":24}},"loc":{"start":{"line":30,"column":36},"end":{"line":30,"column":59}},"line":30},"4":{"name":"(anonymous_4)","decl":{"start":{"line":33,"column":2},"end":{"line":33,"column":3}},"loc":{"start":{"line":36,"column":31},"end":{"line":62,"column":3}},"line":36},"5":{"name":"(anonymous_5)","decl":{"start":{"line":43,"column":33},"end":{"line":43,"column":34}},"loc":{"start":{"line":44,"column":6},"end":{"line":60,"column":70}},"line":44},"6":{"name":"(anonymous_6)","decl":{"start":{"line":46,"column":14},"end":{"line":46,"column":15}},"loc":{"start":{"line":46,"column":24},"end":{"line":46,"column":73}},"line":46},"7":{"name":"(anonymous_7)","decl":{"start":{"line":47,"column":14},"end":{"line":47,"column":15}},"loc":{"start":{"line":47,"column":26},"end":{"line":47,"column":73}},"line":47},"8":{"name":"(anonymous_8)","decl":{"start":{"line":48,"column":14},"end":{"line":48,"column":15}},"loc":{"start":{"line":49,"column":10},"end":{"line":53,"column":11}},"line":49},"9":{"name":"(anonymous_9)","decl":{"start":{"line":55,"column":14},"end":{"line":55,"column":15}},"loc":{"start":{"line":56,"column":10},"end":{"line":58,"column":11}},"line":56},"10":{"name":"(anonymous_10)","decl":{"start":{"line":56,"column":21},"end":{"line":56,"column":22}},"loc":{"start":{"line":57,"column":12},"end":{"line":57,"column":81}},"line":57},"11":{"name":"(anonymous_11)","decl":{"start":{"line":60,"column":14},"end":{"line":60,"column":15}},"loc":{"start":{"line":60,"column":26},"end":{"line":60,"column":69}},"line":60}},"branchMap":{},"s":{"0":57,"1":57,"2":1,"3":1,"4":1,"5":1,"6":1,"7":1,"8":1,"9":1,"10":1,"11":1,"12":1,"13":1,"14":1,"15":7,"16":1},"f":{"0":57,"1":1,"2":1,"3":1,"4":1,"5":1,"6":1,"7":1,"8":1,"9":1,"10":7,"11":1},"b":{},"_coverageSchema":"1a1c01bbd47fc00a2c39e90264f33305004495a9","hash":"6c1641e9af8f4952365fd7e4399eb6cb97696aea"}
,"/Users/kopcion/nurse-scheduling-problem-frontend/src/api/latest-github-version.ts": {"path":"/Users/kopcion/nurse-scheduling-problem-frontend/src/api/latest-github-version.ts","statementMap":{"0":{"start":{"line":7,"column":2},"end":{"line":7,"column":111}},"1":{"start":{"line":9,"column":32},"end":{"line":11,"column":44}},"2":{"start":{"line":11,"column":17},"end":{"line":11,"column":43}}},"fnMap":{"0":{"name":"(anonymous_0)","decl":{"start":{"line":11,"column":8},"end":{"line":11,"column":9}},"loc":{"start":{"line":11,"column":17},"end":{"line":11,"column":43}},"line":11}},"branchMap":{},"s":{"0":57,"1":57,"2":57},"f":{"0":57},"b":{},"_coverageSchema":"1a1c01bbd47fc00a2c39e90264f33305004495a9","hash":"0ff5425ed3f95c295653e13f7ce5180b8d1576b0"}
,"/Users/kopcion/nurse-scheduling-problem-frontend/src/api/server.middleware.ts": {"path":"/Users/kopcion/nurse-scheduling-problem-frontend/src/api/server.middleware.ts","statementMap":{"0":{"start":{"line":39,"column":24},"end":{"line":39,"column":39}},"1":{"start":{"line":40,"column":4},"end":{"line":44,"column":7}},"2":{"start":{"line":41,"column":6},"end":{"line":43,"column":7}},"3":{"start":{"line":42,"column":8},"end":{"line":42,"column":56}},"4":{"start":{"line":45,"column":4},"end":{"line":45,"column":17}},"5":{"start":{"line":53,"column":4},"end":{"line":53,"column":64}},"6":{"start":{"line":57,"column":24},"end":{"line":57,"column":48}},"7":{"start":{"line":58,"column":31},"end":{"line":58,"column":76}},"8":{"start":{"line":59,"column":26},"end":{"line":59,"column":28}},"9":{"start":{"line":60,"column":4},"end":{"line":69,"column":7}},"10":{"start":{"line":61,"column":24},"end":{"line":61,"column":32}},"11":{"start":{"line":62,"column":6},"end":{"line":62,"column":44}},"12":{"start":{"line":63,"column":6},"end":{"line":68,"column":9}},"13":{"start":{"line":64,"column":40},"end":{"line":64,"column":82}},"14":{"start":{"line":65,"column":27},"end":{"line":65,"column":62}},"15":{"start":{"line":66,"column":8},"end":{"line":66,"column":56}},"16":{"start":{"line":67,"column":8},"end":{"line":67,"column":51}},"17":{"start":{"line":70,"column":4},"end":{"line":70,"column":47}},"18":{"start":{"line":74,"column":19},"end":{"line":74,"column":40}},"19":{"start":{"line":76,"column":4},"end":{"line":85,"column":7}},"20":{"start":{"line":77,"column":29},"end":{"line":77,"column":74}},"21":{"start":{"line":78,"column":6},"end":{"line":80,"column":7}},"22":{"start":{"line":79,"column":8},"end":{"line":79,"column":72}},"23":{"start":{"line":81,"column":6},"end":{"line":84,"column":15}},"24":{"start":{"line":86,"column":4},"end":{"line":86,"column":18}},"25":{"start":{"line":90,"column":25},"end":{"line":90,"column":60}},"26":{"start":{"line":91,"column":19},"end":{"line":91,"column":67}},"27":{"start":{"line":93,"column":23},"end":{"line":93,"column":84}},"28":{"start":{"line":94,"column":21},"end":{"line":97,"column":33}},"29":{"start":{"line":95,"column":21},"end":{"line":95,"column":27}},"30":{"start":{"line":96,"column":30},"end":{"line":96,"column":76}},"31":{"start":{"line":97,"column":18},"end":{"line":97,"column":32}},"32":{"start":{"line":98,"column":4},"end":{"line":98,"column":42}},"33":{"start":{"line":100,"column":4},"end":{"line":100,"column":18}},"34":{"start":{"line":107,"column":4},"end":{"line":109,"column":5}},"35":{"start":{"line":108,"column":6},"end":{"line":108,"column":19}},"36":{"start":{"line":110,"column":4},"end":{"line":114,"column":5}},"37":{"start":{"line":111,"column":6},"end":{"line":113,"column":9}},"38":{"start":{"line":112,"column":8},"end":{"line":112,"column":99}},"39":{"start":{"line":112,"column":59},"end":{"line":112,"column":99}},"40":{"start":{"line":115,"column":4},"end":{"line":115,"column":17}},"41":{"start":{"line":119,"column":38},"end":{"line":121,"column":5}},"42":{"start":{"line":120,"column":15},"end":{"line":120,"column":67}},"43":{"start":{"line":122,"column":22},"end":{"line":124,"column":31}},"44":{"start":{"line":123,"column":15},"end":{"line":123,"column":67}},"45":{"start":{"line":126,"column":27},"end":{"line":132,"column":6}},"46":{"start":{"line":126,"column":82},"end":{"line":132,"column":5}},"47":{"start":{"line":134,"column":56},"end":{"line":134,"column":58}},"48":{"start":{"line":135,"column":4},"end":{"line":149,"column":7}},"49":{"start":{"line":136,"column":6},"end":{"line":148,"column":7}},"50":{"start":{"line":137,"column":28},"end":{"line":137,"column":48}},"51":{"start":{"line":138,"column":30},"end":{"line":140,"column":9}},"52":{"start":{"line":139,"column":26},"end":{"line":139,"column":53}},"53":{"start":{"line":141,"column":8},"end":{"line":145,"column":11}},"54":{"start":{"line":142,"column":10},"end":{"line":142,"column":51}},"55":{"start":{"line":143,"column":10},"end":{"line":143,"column":90}},"56":{"start":{"line":144,"column":10},"end":{"line":144,"column":31}},"57":{"start":{"line":147,"column":8},"end":{"line":147,"column":46}},"58":{"start":{"line":151,"column":4},"end":{"line":151,"column":68}},"59":{"start":{"line":159,"column":30},"end":{"line":160,"column":89}},"60":{"start":{"line":160,"column":6},"end":{"line":160,"column":89}},"61":{"start":{"line":162,"column":38},"end":{"line":166,"column":5}},"62":{"start":{"line":164,"column":8},"end":{"line":165,"column":55}},"63":{"start":{"line":167,"column":76},"end":{"line":167,"column":78}},"64":{"start":{"line":168,"column":4},"end":{"line":177,"column":7}},"65":{"start":{"line":169,"column":28},"end":{"line":169,"column":57}},"66":{"start":{"line":170,"column":6},"end":{"line":176,"column":7}},"67":{"start":{"line":171,"column":8},"end":{"line":175,"column":11}},"68":{"start":{"line":178,"column":4},"end":{"line":178,"column":74}}},"fnMap":{"0":{"name":"(anonymous_0)","decl":{"start":{"line":38,"column":2},"end":{"line":38,"column":3}},"loc":{"start":{"line":38,"column":74},"end":{"line":46,"column":3}},"line":38},"1":{"name":"(anonymous_1)","decl":{"start":{"line":40,"column":24},"end":{"line":40,"column":25}},"loc":{"start":{"line":40,"column":35},"end":{"line":44,"column":5}},"line":40},"2":{"name":"(anonymous_2)","decl":{"start":{"line":48,"column":2},"end":{"line":48,"column":3}},"loc":{"start":{"line":52,"column":4},"end":{"line":54,"column":3}},"line":52},"3":{"name":"(anonymous_3)","decl":{"start":{"line":56,"column":2},"end":{"line":56,"column":3}},"loc":{"start":{"line":56,"column":88},"end":{"line":71,"column":3}},"line":56},"4":{"name":"(anonymous_4)","decl":{"start":{"line":60,"column":24},"end":{"line":60,"column":25}},"loc":{"start":{"line":60,"column":40},"end":{"line":69,"column":5}},"line":60},"5":{"name":"(anonymous_5)","decl":{"start":{"line":63,"column":57},"end":{"line":63,"column":58}},"loc":{"start":{"line":63,"column":85},"end":{"line":68,"column":7}},"line":63},"6":{"name":"(anonymous_6)","decl":{"start":{"line":73,"column":2},"end":{"line":73,"column":3}},"loc":{"start":{"line":73,"column":90},"end":{"line":87,"column":3}},"line":73},"7":{"name":"(anonymous_7)","decl":{"start":{"line":76,"column":44},"end":{"line":76,"column":45}},"loc":{"start":{"line":76,"column":59},"end":{"line":85,"column":5}},"line":76},"8":{"name":"(anonymous_8)","decl":{"start":{"line":89,"column":2},"end":{"line":89,"column":3}},"loc":{"start":{"line":89,"column":87},"end":{"line":101,"column":3}},"line":89},"9":{"name":"(anonymous_9)","decl":{"start":{"line":95,"column":11},"end":{"line":95,"column":12}},"loc":{"start":{"line":95,"column":21},"end":{"line":95,"column":27}},"line":95},"10":{"name":"(anonymous_10)","decl":{"start":{"line":96,"column":14},"end":{"line":96,"column":15}},"loc":{"start":{"line":96,"column":30},"end":{"line":96,"column":76}},"line":96},"11":{"name":"(anonymous_11)","decl":{"start":{"line":97,"column":11},"end":{"line":97,"column":12}},"loc":{"start":{"line":97,"column":18},"end":{"line":97,"column":32}},"line":97},"12":{"name":"(anonymous_12)","decl":{"start":{"line":103,"column":2},"end":{"line":103,"column":3}},"loc":{"start":{"line":106,"column":20},"end":{"line":116,"column":3}},"line":106},"13":{"name":"(anonymous_13)","decl":{"start":{"line":111,"column":44},"end":{"line":111,"column":45}},"loc":{"start":{"line":111,"column":60},"end":{"line":113,"column":7}},"line":111},"14":{"name":"(anonymous_14)","decl":{"start":{"line":118,"column":2},"end":{"line":118,"column":3}},"loc":{"start":{"line":118,"column":79},"end":{"line":152,"column":3}},"line":118},"15":{"name":"(anonymous_15)","decl":{"start":{"line":120,"column":6},"end":{"line":120,"column":7}},"loc":{"start":{"line":120,"column":15},"end":{"line":120,"column":67}},"line":120},"16":{"name":"(anonymous_16)","decl":{"start":{"line":123,"column":6},"end":{"line":123,"column":7}},"loc":{"start":{"line":123,"column":15},"end":{"line":123,"column":67}},"line":123},"17":{"name":"(anonymous_17)","decl":{"start":{"line":126,"column":27},"end":{"line":126,"column":28}},"loc":{"start":{"line":126,"column":82},"end":{"line":132,"column":5}},"line":126},"18":{"name":"(anonymous_18)","decl":{"start":{"line":135,"column":22},"end":{"line":135,"column":23}},"loc":{"start":{"line":135,"column":39},"end":{"line":149,"column":5}},"line":135},"19":{"name":"(anonymous_19)","decl":{"start":{"line":139,"column":10},"end":{"line":139,"column":11}},"loc":{"start":{"line":139,"column":26},"end":{"line":139,"column":53}},"line":139},"20":{"name":"(anonymous_20)","decl":{"start":{"line":141,"column":30},"end":{"line":141,"column":31}},"loc":{"start":{"line":141,"column":46},"end":{"line":145,"column":9}},"line":141},"21":{"name":"(anonymous_21)","decl":{"start":{"line":154,"column":2},"end":{"line":154,"column":3}},"loc":{"start":{"line":158,"column":22},"end":{"line":179,"column":3}},"line":158},"22":{"name":"(anonymous_22)","decl":{"start":{"line":159,"column":30},"end":{"line":159,"column":31}},"loc":{"start":{"line":160,"column":6},"end":{"line":160,"column":89}},"line":160},"23":{"name":"(anonymous_23)","decl":{"start":{"line":163,"column":6},"end":{"line":163,"column":7}},"loc":{"start":{"line":164,"column":8},"end":{"line":165,"column":55}},"line":164},"24":{"name":"(anonymous_24)","decl":{"start":{"line":168,"column":47},"end":{"line":168,"column":48}},"loc":{"start":{"line":168,"column":63},"end":{"line":177,"column":5}},"line":168}},"branchMap":{"0":{"loc":{"start":{"line":41,"column":6},"end":{"line":43,"column":7}},"type":"if","locations":[{"start":{"line":41,"column":6},"end":{"line":43,"column":7}},{"start":{"line":41,"column":6},"end":{"line":43,"column":7}}],"line":41},"1":{"loc":{"start":{"line":78,"column":6},"end":{"line":80,"column":7}},"type":"if","locations":[{"start":{"line":78,"column":6},"end":{"line":80,"column":7}},{"start":{"line":78,"column":6},"end":{"line":80,"column":7}}],"line":78},"2":{"loc":{"start":{"line":107,"column":4},"end":{"line":109,"column":5}},"type":"if","locations":[{"start":{"line":107,"column":4},"end":{"line":109,"column":5}},{"start":{"line":107,"column":4},"end":{"line":109,"column":5}}],"line":107},"3":{"loc":{"start":{"line":110,"column":4},"end":{"line":114,"column":5}},"type":"if","locations":[{"start":{"line":110,"column":4},"end":{"line":114,"column":5}},{"start":{"line":110,"column":4},"end":{"line":114,"column":5}}],"line":110},"4":{"loc":{"start":{"line":112,"column":8},"end":{"line":112,"column":99}},"type":"if","locations":[{"start":{"line":112,"column":8},"end":{"line":112,"column":99}},{"start":{"line":112,"column":8},"end":{"line":112,"column":99}}],"line":112},"5":{"loc":{"start":{"line":136,"column":6},"end":{"line":148,"column":7}},"type":"if","locations":[{"start":{"line":136,"column":6},"end":{"line":148,"column":7}},{"start":{"line":136,"column":6},"end":{"line":148,"column":7}}],"line":136},"6":{"loc":{"start":{"line":164,"column":8},"end":{"line":165,"column":55}},"type":"binary-expr","locations":[{"start":{"line":164,"column":8},"end":{"line":164,"column":54}},{"start":{"line":165,"column":8},"end":{"line":165,"column":55}}],"line":164},"7":{"loc":{"start":{"line":170,"column":6},"end":{"line":176,"column":7}},"type":"if","locations":[{"start":{"line":170,"column":6},"end":{"line":176,"column":7}},{"start":{"line":170,"column":6},"end":{"line":176,"column":7}}],"line":170}},"s":{"0":3,"1":3,"2":6,"3":3,"4":3,"5":3,"6":1,"7":1,"8":1,"9":1,"10":19,"11":19,"12":19,"13":95,"14":95,"15":95,"16":95,"17":1,"18":1,"19":1,"20":22,"21":22,"22":0,"23":22,"24":1,"25":1,"26":1,"27":1,"28":1,"29":30,"30":30,"31":2,"32":1,"33":1,"34":7,"35":3,"36":4,"37":4,"38":76,"39":4,"40":4,"41":1,"42":7,"43":1,"44":7,"45":1,"46":0,"47":1,"48":1,"49":0,"50":0,"51":0,"52":0,"53":0,"54":0,"55":0,"56":0,"57":0,"58":1,"59":1,"60":19,"61":1,"62":3,"63":1,"64":1,"65":19,"66":19,"67":4,"68":1},"f":{"0":3,"1":6,"2":3,"3":1,"4":19,"5":95,"6":1,"7":22,"8":1,"9":30,"10":30,"11":2,"12":7,"13":76,"14":1,"15":7,"16":7,"17":0,"18":0,"19":0,"20":0,"21":1,"22":19,"23":3,"24":19},"b":{"0":[3,3],"1":[0,22],"2":[3,4],"3":[4,0],"4":[4,72],"5":[0,0],"6":[3,3],"7":[4,15]},"_coverageSchema":"1a1c01bbd47fc00a2c39e90264f33305004495a9","hash":"e4054a93d98e6e5048968a0a1abf9c378ee73bf7"}
,"/Users/kopcion/nurse-scheduling-problem-frontend/src/api/models/server-foundation-info.model.ts": {"path":"/Users/kopcion/nurse-scheduling-problem-frontend/src/api/models/server-foundation-info.model.ts","statementMap":{},"fnMap":{},"branchMap":{},"s":{},"f":{},"b":{}}
,"/Users/kopcion/nurse-scheduling-problem-frontend/src/api/models/server-schedule-data.model.ts": {"path":"/Users/kopcion/nurse-scheduling-problem-frontend/src/api/models/server-schedule-data.model.ts","statementMap":{},"fnMap":{},"branchMap":{},"s":{},"f":{},"b":{}}
,"/Users/kopcion/nurse-scheduling-problem-frontend/src/components/app-error-boundary/app-error-boundary.component.tsx": {"path":"/Users/kopcion/nurse-scheduling-problem-frontend/src/components/app-error-boundary/app-error-boundary.component.tsx","statementMap":{"0":{"start":{"line":14,"column":28},"end":{"line":14,"column":43}},"1":{"start":{"line":15,"column":19},"end":{"line":20,"column":3}},"2":{"start":{"line":17,"column":6},"end":{"line":17,"column":76}},"3":{"start":{"line":22,"column":18},"end":{"line":24,"column":17}},"4":{"start":{"line":23,"column":4},"end":{"line":23,"column":20}},"5":{"start":{"line":26,"column":2},"end":{"line":26,"column":83}}},"fnMap":{"0":{"name":"AppErrorBoundary","decl":{"start":{"line":13,"column":16},"end":{"line":13,"column":32}},"loc":{"start":{"line":13,"column":78},"end":{"line":27,"column":1}},"line":13},"1":{"name":"(anonymous_1)","decl":{"start":{"line":16,"column":4},"end":{"line":16,"column":5}},"loc":{"start":{"line":17,"column":6},"end":{"line":17,"column":76}},"line":17},"2":{"name":"(anonymous_2)","decl":{"start":{"line":22,"column":30},"end":{"line":22,"column":31}},"loc":{"start":{"line":22,"column":42},"end":{"line":24,"column":3}},"line":22}},"branchMap":{},"s":{"0":57,"1":57,"2":0,"3":57,"4":0,"5":57},"f":{"0":57,"1":0,"2":0},"b":{},"_coverageSchema":"1a1c01bbd47fc00a2c39e90264f33305004495a9","hash":"e6b04511bf494dc5afa6a164324ed5c30988b434"}
,"/Users/kopcion/nurse-scheduling-problem-frontend/src/components/app-header/header.component.tsx": {"path":"/Users/kopcion/nurse-scheduling-problem-frontend/src/components/app-header/header.component.tsx","statementMap":{"0":{"start":{"line":23,"column":2},"end":{"line":23,"column":54}},"1":{"start":{"line":24,"column":2},"end":{"line":24,"column":26}},"2":{"start":{"line":25,"column":2},"end":{"line":25,"column":26}},"3":{"start":{"line":26,"column":2},"end":{"line":26,"column":16}},"4":{"start":{"line":30,"column":32},"end":{"line":31,"column":9}},"5":{"start":{"line":30,"column":78},"end":{"line":30,"column":95}},"6":{"start":{"line":32,"column":27},"end":{"line":32,"column":46}},"7":{"start":{"line":34,"column":19},"end":{"line":34,"column":32}},"8":{"start":{"line":35,"column":46},"end":{"line":37,"column":3}},"9":{"start":{"line":36,"column":38},"end":{"line":36,"column":96}},"10":{"start":{"line":39,"column":38},"end":{"line":39,"column":53}},"11":{"start":{"line":40,"column":2},"end":{"line":43,"column":20}},"12":{"start":{"line":41,"column":25},"end":{"line":41,"column":46}},"13":{"start":{"line":42,"column":4},"end":{"line":42,"column":48}},"14":{"start":{"line":46,"column":19},"end":{"line":46,"column":69}},"15":{"start":{"line":47,"column":4},"end":{"line":47,"column":64}},"16":{"start":{"line":50,"column":23},"end":{"line":50,"column":70}},"17":{"start":{"line":51,"column":40},"end":{"line":51,"column":55}},"18":{"start":{"line":54,"column":4},"end":{"line":54,"column":25}},"19":{"start":{"line":58,"column":20},"end":{"line":58,"column":48}},"20":{"start":{"line":60,"column":4},"end":{"line":60,"column":91}},"21":{"start":{"line":60,"column":18},"end":{"line":60,"column":91}},"22":{"start":{"line":62,"column":4},"end":{"line":62,"column":19}},"23":{"start":{"line":65,"column":52},"end":{"line":65,"column":67}},"24":{"start":{"line":67,"column":2},"end":{"line":71,"column":39}},"25":{"start":{"line":68,"column":4},"end":{"line":70,"column":36}},"26":{"start":{"line":73,"column":34},"end":{"line":75,"column":8}},"27":{"start":{"line":74,"column":4},"end":{"line":74,"column":53}},"28":{"start":{"line":76,"column":2},"end":{"line":94,"column":4}},"29":{"start":{"line":97,"column":15},"end":{"line":109,"column":1}},"30":{"start":{"line":111,"column":23},"end":{"line":116,"column":1}},"31":{"start":{"line":118,"column":17},"end":{"line":120,"column":1}},"32":{"start":{"line":122,"column":13},"end":{"line":126,"column":1}},"33":{"start":{"line":128,"column":13},"end":{"line":130,"column":1}},"34":{"start":{"line":132,"column":15},"end":{"line":134,"column":1}},"35":{"start":{"line":136,"column":23},"end":{"line":146,"column":1}}},"fnMap":{"0":{"name":"monthDiff","decl":{"start":{"line":21,"column":9},"end":{"line":21,"column":18}},"loc":{"start":{"line":21,"column":47},"end":{"line":27,"column":1}},"line":21},"1":{"name":"HeaderComponent","decl":{"start":{"line":29,"column":16},"end":{"line":29,"column":31}},"loc":{"start":{"line":29,"column":47},"end":{"line":95,"column":1}},"line":29},"2":{"name":"(anonymous_2)","decl":{"start":{"line":30,"column":44},"end":{"line":30,"column":45}},"loc":{"start":{"line":30,"column":78},"end":{"line":30,"column":95}},"line":30},"3":{"name":"(anonymous_3)","decl":{"start":{"line":36,"column":4},"end":{"line":36,"column":5}},"loc":{"start":{"line":36,"column":38},"end":{"line":36,"column":96}},"line":36},"4":{"name":"(anonymous_4)","decl":{"start":{"line":40,"column":12},"end":{"line":40,"column":13}},"loc":{"start":{"line":40,"column":18},"end":{"line":43,"column":3}},"line":40},"5":{"name":"returnToCurrentMonth","decl":{"start":{"line":45,"column":11},"end":{"line":45,"column":31}},"loc":{"start":{"line":45,"column":40},"end":{"line":48,"column":3}},"line":45},"6":{"name":"onReportIssueClick","decl":{"start":{"line":53,"column":11},"end":{"line":53,"column":29}},"loc":{"start":{"line":53,"column":38},"end":{"line":55,"column":3}},"line":53},"7":{"name":"useAppConfig","decl":{"start":{"line":57,"column":11},"end":{"line":57,"column":23}},"loc":{"start":{"line":57,"column":44},"end":{"line":63,"column":3}},"line":57},"8":{"name":"(anonymous_8)","decl":{"start":{"line":67,"column":12},"end":{"line":67,"column":13}},"loc":{"start":{"line":67,"column":18},"end":{"line":71,"column":3}},"line":67},"9":{"name":"(anonymous_9)","decl":{"start":{"line":73,"column":46},"end":{"line":73,"column":47}},"loc":{"start":{"line":73,"column":58},"end":{"line":75,"column":3}},"line":73}},"branchMap":{"0":{"loc":{"start":{"line":60,"column":4},"end":{"line":60,"column":91}},"type":"if","locations":[{"start":{"line":60,"column":4},"end":{"line":60,"column":91}},{"start":{"line":60,"column":4},"end":{"line":60,"column":91}}],"line":60},"1":{"loc":{"start":{"line":68,"column":4},"end":{"line":70,"column":35}},"type":"cond-expr","locations":[{"start":{"line":69,"column":8},"end":{"line":69,"column":42}},{"start":{"line":70,"column":8},"end":{"line":70,"column":35}}],"line":68},"2":{"loc":{"start":{"line":80,"column":16},"end":{"line":80,"column":49}},"type":"binary-expr","locations":[{"start":{"line":80,"column":16},"end":{"line":80,"column":27}},{"start":{"line":80,"column":31},"end":{"line":80,"column":49}}],"line":80}},"s":{"0":0,"1":0,"2":0,"3":0,"4":1520,"5":2236,"6":1520,"7":1520,"8":1520,"9":2236,"10":1520,"11":1520,"12":70,"13":70,"14":0,"15":0,"16":1520,"17":1520,"18":0,"19":1520,"20":1520,"21":0,"22":1520,"23":1520,"24":1520,"25":111,"26":1520,"27":0,"28":1520,"29":57,"30":57,"31":57,"32":57,"33":57,"34":57,"35":57},"f":{"0":0,"1":1520,"2":2236,"3":2236,"4":70,"5":0,"6":0,"7":1520,"8":111,"9":0},"b":{"0":[0,1520],"1":[98,13],"2":[1520,188]},"_coverageSchema":"1a1c01bbd47fc00a2c39e90264f33305004495a9","hash":"4ea01d2cd0b9361bedf79d3e73500b68ad52a6d3"}
,"/Users/kopcion/nurse-scheduling-problem-frontend/src/components/buttons/button-component/button.component.tsx": {"path":"/Users/kopcion/nurse-scheduling-problem-frontend/src/components/buttons/button-component/button.component.tsx","statementMap":{"0":{"start":{"line":14,"column":22},"end":{"line":32,"column":1}},"1":{"start":{"line":20,"column":4},"end":{"line":28,"column":5}},"2":{"start":{"line":21,"column":6},"end":{"line":21,"column":32}},"3":{"start":{"line":22,"column":11},"end":{"line":28,"column":5}},"4":{"start":{"line":23,"column":6},"end":{"line":23,"column":34}},"5":{"start":{"line":24,"column":11},"end":{"line":28,"column":5}},"6":{"start":{"line":25,"column":6},"end":{"line":25,"column":31}},"7":{"start":{"line":27,"column":6},"end":{"line":27,"column":65}},"8":{"start":{"line":30,"column":4},"end":{"line":30,"column":65}},"9":{"start":{"line":35,"column":19},"end":{"line":59,"column":1}},"10":{"start":{"line":61,"column":22},"end":{"line":75,"column":1}},"11":{"start":{"line":77,"column":24},"end":{"line":92,"column":1}},"12":{"start":{"line":94,"column":21},"end":{"line":117,"column":1}}},"fnMap":{"0":{"name":"(anonymous_0)","decl":{"start":{"line":15,"column":2},"end":{"line":15,"column":3}},"loc":{"start":{"line":18,"column":7},"end":{"line":31,"column":3}},"line":18}},"branchMap":{"0":{"loc":{"start":{"line":16,"column":6},"end":{"line":16,"column":25}},"type":"default-arg","locations":[{"start":{"line":16,"column":16},"end":{"line":16,"column":25}}],"line":16},"1":{"loc":{"start":{"line":16,"column":27},"end":{"line":16,"column":43}},"type":"default-arg","locations":[{"start":{"line":16,"column":38},"end":{"line":16,"column":43}}],"line":16},"2":{"loc":{"start":{"line":20,"column":4},"end":{"line":28,"column":5}},"type":"if","locations":[{"start":{"line":20,"column":4},"end":{"line":28,"column":5}},{"start":{"line":20,"column":4},"end":{"line":28,"column":5}}],"line":20},"3":{"loc":{"start":{"line":22,"column":11},"end":{"line":28,"column":5}},"type":"if","locations":[{"start":{"line":22,"column":11},"end":{"line":28,"column":5}},{"start":{"line":22,"column":11},"end":{"line":28,"column":5}}],"line":22},"4":{"loc":{"start":{"line":24,"column":11},"end":{"line":28,"column":5}},"type":"if","locations":[{"start":{"line":24,"column":11},"end":{"line":28,"column":5}},{"start":{"line":24,"column":11},"end":{"line":28,"column":5}}],"line":24}},"s":{"0":57,"1":5456,"2":2568,"3":2888,"4":2514,"5":374,"6":374,"7":0,"8":5456,"9":57,"10":57,"11":57,"12":57},"f":{"0":5456},"b":{"0":[0],"1":[3522],"2":[2568,2888],"3":[2514,374],"4":[374,0]},"_coverageSchema":"1a1c01bbd47fc00a2c39e90264f33305004495a9","hash":"a4f5e9c09cc6be4ea7e9a2ad6e4441631f1ef4d7"}
,"/Users/kopcion/nurse-scheduling-problem-frontend/src/components/buttons/dropdown-buttons/dropdown-buttons.component.tsx": {"path":"/Users/kopcion/nurse-scheduling-problem-frontend/src/components/buttons/dropdown-buttons/dropdown-buttons.component.tsx","statementMap":{"0":{"start":{"line":40,"column":26},"end":{"line":40,"column":41}},"1":{"start":{"line":41,"column":20},"end":{"line":41,"column":32}},"2":{"start":{"line":44,"column":4},"end":{"line":44,"column":35}},"3":{"start":{"line":44,"column":25},"end":{"line":44,"column":33}},"4":{"start":{"line":48,"column":4},"end":{"line":48,"column":19}},"5":{"start":{"line":52,"column":25},"end":{"line":52,"column":28}},"6":{"start":{"line":54,"column":2},"end":{"line":105,"column":4}},"7":{"start":{"line":90,"column":14},"end":{"line":99,"column":31}},"8":{"start":{"line":93,"column":18},"end":{"line":93,"column":32}},"9":{"start":{"line":94,"column":18},"end":{"line":94,"column":33}}},"fnMap":{"0":{"name":"DropdownButtons","decl":{"start":{"line":32,"column":16},"end":{"line":32,"column":31}},"loc":{"start":{"line":39,"column":33},"end":{"line":106,"column":1}},"line":39},"1":{"name":"handleToggle","decl":{"start":{"line":43,"column":11},"end":{"line":43,"column":23}},"loc":{"start":{"line":43,"column":32},"end":{"line":45,"column":3}},"line":43},"2":{"name":"(anonymous_2)","decl":{"start":{"line":44,"column":12},"end":{"line":44,"column":13}},"loc":{"start":{"line":44,"column":25},"end":{"line":44,"column":33}},"line":44},"3":{"name":"handleClickAway","decl":{"start":{"line":47,"column":11},"end":{"line":47,"column":26}},"loc":{"start":{"line":47,"column":35},"end":{"line":49,"column":3}},"line":47},"4":{"name":"(anonymous_4)","decl":{"start":{"line":89,"column":25},"end":{"line":89,"column":26}},"loc":{"start":{"line":90,"column":14},"end":{"line":99,"column":31}},"line":90},"5":{"name":"(anonymous_5)","decl":{"start":{"line":92,"column":25},"end":{"line":92,"column":26}},"loc":{"start":{"line":92,"column":37},"end":{"line":95,"column":17}},"line":92}},"branchMap":{"0":{"loc":{"start":{"line":38,"column":2},"end":{"line":38,"column":18}},"type":"default-arg","locations":[{"start":{"line":38,"column":13},"end":{"line":38,"column":18}}],"line":38},"1":{"loc":{"start":{"line":64,"column":20},"end":{"line":64,"column":57}},"type":"cond-expr","locations":[{"start":{"line":64,"column":27},"end":{"line":64,"column":45}},{"start":{"line":64,"column":48},"end":{"line":64,"column":57}}],"line":64}},"s":{"0":1798,"1":1798,"2":34,"3":38,"4":0,"5":1798,"6":1798,"7":4684,"8":32,"9":32},"f":{"0":1798,"1":34,"2":38,"3":0,"4":4684,"5":32},"b":{"0":[1798],"1":[68,1730]},"_coverageSchema":"1a1c01bbd47fc00a2c39e90264f33305004495a9","hash":"86a30cf19754270482072ac9a7e3641358b6d607"}
,"/Users/kopcion/nurse-scheduling-problem-frontend/src/components/buttons/dropdown-buttons/dropdown-colors.component.tsx": {"path":"/Users/kopcion/nurse-scheduling-problem-frontend/src/components/buttons/dropdown-buttons/dropdown-colors.component.tsx","statementMap":{"0":{"start":{"line":33,"column":2},"end":{"line":35,"column":22}},"1":{"start":{"line":34,"column":4},"end":{"line":34,"column":33}},"2":{"start":{"line":37,"column":26},"end":{"line":37,"column":41}},"3":{"start":{"line":38,"column":20},"end":{"line":38,"column":32}},"4":{"start":{"line":39,"column":28},"end":{"line":52,"column":3}},"5":{"start":{"line":53,"column":31},"end":{"line":53,"column":91}},"6":{"start":{"line":55,"column":39},"end":{"line":55,"column":62}},"7":{"start":{"line":58,"column":31},"end":{"line":58,"column":33}},"8":{"start":{"line":62,"column":4},"end":{"line":64,"column":5}},"9":{"start":{"line":63,"column":6},"end":{"line":63,"column":54}},"10":{"start":{"line":65,"column":4},"end":{"line":65,"column":18}},"11":{"start":{"line":69,"column":4},"end":{"line":69,"column":35}},"12":{"start":{"line":69,"column":25},"end":{"line":69,"column":33}},"13":{"start":{"line":73,"column":4},"end":{"line":73,"column":19}},"14":{"start":{"line":77,"column":25},"end":{"line":77,"column":28}},"15":{"start":{"line":78,"column":2},"end":{"line":135,"column":4}},"16":{"start":{"line":117,"column":16},"end":{"line":128,"column":33}},"17":{"start":{"line":119,"column":20},"end":{"line":126,"column":22}},"18":{"start":{"line":121,"column":24},"end":{"line":121,"column":44}},"19":{"start":{"line":122,"column":24},"end":{"line":122,"column":45}},"20":{"start":{"line":123,"column":24},"end":{"line":123,"column":42}},"21":{"start":{"line":138,"column":20},"end":{"line":147,"column":1}},"22":{"start":{"line":149,"column":23},"end":{"line":154,"column":1}},"23":{"start":{"line":156,"column":27},"end":{"line":159,"column":1}}},"fnMap":{"0":{"name":"DropdownColors","decl":{"start":{"line":23,"column":16},"end":{"line":23,"column":30}},"loc":{"start":{"line":32,"column":39},"end":{"line":136,"column":1}},"line":32},"1":{"name":"(anonymous_1)","decl":{"start":{"line":33,"column":12},"end":{"line":33,"column":13}},"loc":{"start":{"line":33,"column":18},"end":{"line":35,"column":3}},"line":33},"2":{"name":"getChunckedColors","decl":{"start":{"line":57,"column":11},"end":{"line":57,"column":28}},"loc":{"start":{"line":57,"column":82},"end":{"line":66,"column":3}},"line":57},"3":{"name":"handleToggle","decl":{"start":{"line":68,"column":11},"end":{"line":68,"column":23}},"loc":{"start":{"line":68,"column":32},"end":{"line":70,"column":3}},"line":68},"4":{"name":"(anonymous_4)","decl":{"start":{"line":69,"column":12},"end":{"line":69,"column":13}},"loc":{"start":{"line":69,"column":25},"end":{"line":69,"column":33}},"line":69},"5":{"name":"handleClickAway","decl":{"start":{"line":72,"column":11},"end":{"line":72,"column":26}},"loc":{"start":{"line":72,"column":35},"end":{"line":74,"column":3}},"line":72},"6":{"name":"(anonymous_6)","decl":{"start":{"line":116,"column":20},"end":{"line":116,"column":21}},"loc":{"start":{"line":117,"column":16},"end":{"line":128,"column":33}},"line":117},"7":{"name":"(anonymous_7)","decl":{"start":{"line":118,"column":32},"end":{"line":118,"column":33}},"loc":{"start":{"line":119,"column":20},"end":{"line":126,"column":22}},"line":119},"8":{"name":"(anonymous_8)","decl":{"start":{"line":120,"column":31},"end":{"line":120,"column":32}},"loc":{"start":{"line":120,"column":43},"end":{"line":124,"column":23}},"line":120}},"branchMap":{"0":{"loc":{"start":{"line":28,"column":2},"end":{"line":28,"column":18}},"type":"default-arg","locations":[{"start":{"line":28,"column":13},"end":{"line":28,"column":18}}],"line":28},"1":{"loc":{"start":{"line":88,"column":20},"end":{"line":88,"column":57}},"type":"cond-expr","locations":[{"start":{"line":88,"column":27},"end":{"line":88,"column":45}},{"start":{"line":88,"column":48},"end":{"line":88,"column":57}}],"line":88},"2":{"loc":{"start":{"line":114,"column":16},"end":{"line":114,"column":82}},"type":"cond-expr","locations":[{"start":{"line":114,"column":42},"end":{"line":114,"column":59}},{"start":{"line":114,"column":62},"end":{"line":114,"column":82}}],"line":114}},"s":{"0":0,"1":0,"2":0,"3":0,"4":0,"5":0,"6":0,"7":0,"8":0,"9":0,"10":0,"11":0,"12":0,"13":0,"14":0,"15":0,"16":0,"17":0,"18":0,"19":0,"20":0,"21":57,"22":57,"23":57},"f":{"0":0,"1":0,"2":0,"3":0,"4":0,"5":0,"6":0,"7":0,"8":0},"b":{"0":[0],"1":[0,0],"2":[0,0]},"_coverageSchema":"1a1c01bbd47fc00a2c39e90264f33305004495a9","hash":"9a81633a78b3b0fbf77144f3e2285cb2c1fc84a3"}
,"/Users/kopcion/nurse-scheduling-problem-frontend/src/components/buttons/dropdown-buttons/styles.ts": {"path":"/Users/kopcion/nurse-scheduling-problem-frontend/src/components/buttons/dropdown-buttons/styles.ts","statementMap":{"0":{"start":{"line":9,"column":23},"end":{"line":11,"column":1}},"1":{"start":{"line":12,"column":33},"end":{"line":22,"column":1}},"2":{"start":{"line":23,"column":30},"end":{"line":42,"column":1}},"3":{"start":{"line":43,"column":33},"end":{"line":46,"column":1}},"4":{"start":{"line":47,"column":40},"end":{"line":54,"column":1}}},"fnMap":{},"branchMap":{},"s":{"0":57,"1":57,"2":57,"3":57,"4":57},"f":{},"b":{},"_coverageSchema":"1a1c01bbd47fc00a2c39e90264f33305004495a9","hash":"cfadca11b3e9de0df309ef133c86414be465db03"}
,"/Users/kopcion/nurse-scheduling-problem-frontend/src/components/buttons/empty-month-buttons/empty-month-buttons.tsx": {"path":"/Users/kopcion/nurse-scheduling-problem-frontend/src/components/buttons/empty-month-buttons/empty-month-buttons.tsx","statementMap":{"0":{"start":{"line":17,"column":60},"end":{"line":19,"column":3}},"1":{"start":{"line":18,"column":38},"end":{"line":18,"column":96}},"2":{"start":{"line":20,"column":23},"end":{"line":20,"column":87}},"3":{"start":{"line":20,"column":69},"end":{"line":20,"column":86}},"4":{"start":{"line":22,"column":19},"end":{"line":22,"column":84}},"5":{"start":{"line":24,"column":50},"end":{"line":24,"column":74}},"6":{"start":{"line":25,"column":27},"end":{"line":25,"column":43}},"7":{"start":{"line":27,"column":19},"end":{"line":27,"column":32}},"8":{"start":{"line":29,"column":21},"end":{"line":29,"column":51}},"9":{"start":{"line":31,"column":2},"end":{"line":48,"column":27}},"10":{"start":{"line":34,"column":18},"end":{"line":34,"column":22}},"11":{"start":{"line":35,"column":25},"end":{"line":43,"column":5}},"12":{"start":{"line":36,"column":30},"end":{"line":36,"column":56}},"13":{"start":{"line":37,"column":24},"end":{"line":39,"column":7}},"14":{"start":{"line":40,"column":6},"end":{"line":42,"column":7}},"15":{"start":{"line":41,"column":8},"end":{"line":41,"column":53}},"16":{"start":{"line":44,"column":4},"end":{"line":44,"column":19}},"17":{"start":{"line":45,"column":4},"end":{"line":47,"column":6}},"18":{"start":{"line":46,"column":6},"end":{"line":46,"column":22}},"19":{"start":{"line":50,"column":23},"end":{"line":54,"column":22}},"20":{"start":{"line":51,"column":4},"end":{"line":54,"column":22}},"21":{"start":{"line":55,"column":2},"end":{"line":85,"column":4}},"22":{"start":{"line":60,"column":12},"end":{"line":60,"column":67}},"23":{"start":{"line":72,"column":53},"end":{"line":72,"column":80}},"24":{"start":{"line":77,"column":37},"end":{"line":77,"column":56}}},"fnMap":{"0":{"name":"EmptyMonthButtons","decl":{"start":{"line":16,"column":16},"end":{"line":16,"column":33}},"loc":{"start":{"line":16,"column":49},"end":{"line":86,"column":1}},"line":16},"1":{"name":"(anonymous_1)","decl":{"start":{"line":18,"column":4},"end":{"line":18,"column":5}},"loc":{"start":{"line":18,"column":38},"end":{"line":18,"column":96}},"line":18},"2":{"name":"(anonymous_2)","decl":{"start":{"line":20,"column":35},"end":{"line":20,"column":36}},"loc":{"start":{"line":20,"column":69},"end":{"line":20,"column":86}},"line":20},"3":{"name":"(anonymous_3)","decl":{"start":{"line":31,"column":12},"end":{"line":31,"column":13}},"loc":{"start":{"line":31,"column":18},"end":{"line":48,"column":3}},"line":31},"4":{"name":"(anonymous_4)","decl":{"start":{"line":35,"column":25},"end":{"line":35,"column":26}},"loc":{"start":{"line":35,"column":52},"end":{"line":43,"column":5}},"line":35},"5":{"name":"(anonymous_5)","decl":{"start":{"line":45,"column":11},"end":{"line":45,"column":12}},"loc":{"start":{"line":45,"column":23},"end":{"line":47,"column":5}},"line":45},"6":{"name":"(anonymous_6)","decl":{"start":{"line":50,"column":23},"end":{"line":50,"column":24}},"loc":{"start":{"line":51,"column":4},"end":{"line":54,"column":22}},"line":51},"7":{"name":"(anonymous_7)","decl":{"start":{"line":59,"column":19},"end":{"line":59,"column":20}},"loc":{"start":{"line":59,"column":31},"end":{"line":61,"column":11}},"line":59},"8":{"name":"(anonymous_8)","decl":{"start":{"line":72,"column":41},"end":{"line":72,"column":42}},"loc":{"start":{"line":72,"column":53},"end":{"line":72,"column":80}},"line":72},"9":{"name":"(anonymous_9)","decl":{"start":{"line":77,"column":20},"end":{"line":77,"column":21}},"loc":{"start":{"line":77,"column":37},"end":{"line":77,"column":56}},"line":77}},"branchMap":{"0":{"loc":{"start":{"line":40,"column":6},"end":{"line":42,"column":7}},"type":"if","locations":[{"start":{"line":40,"column":6},"end":{"line":42,"column":7}},{"start":{"line":40,"column":6},"end":{"line":42,"column":7}}],"line":40},"1":{"loc":{"start":{"line":51,"column":4},"end":{"line":54,"column":22}},"type":"binary-expr","locations":[{"start":{"line":51,"column":4},"end":{"line":51,"column":23}},{"start":{"line":52,"column":4},"end":{"line":52,"column":37}},{"start":{"line":53,"column":4},"end":{"line":53,"column":26}},{"start":{"line":54,"column":4},"end":{"line":54,"column":22}}],"line":51},"2":{"loc":{"start":{"line":57,"column":7},"end":{"line":70,"column":7}},"type":"binary-expr","locations":[{"start":{"line":57,"column":7},"end":{"line":57,"column":23}},{"start":{"line":58,"column":8},"end":{"line":69,"column":17}}],"line":57}},"s":{"0":862,"1":1255,"2":862,"3":1255,"4":862,"5":862,"6":862,"7":862,"8":862,"9":862,"10":334,"11":334,"12":334,"13":334,"14":334,"15":110,"16":334,"17":334,"18":334,"19":862,"20":110,"21":862,"22":13,"23":0,"24":56},"f":{"0":862,"1":1255,"2":1255,"3":334,"4":334,"5":334,"6":110,"7":13,"8":0,"9":56},"b":{"0":[110,224],"1":[110,27,27,26],"2":[862,52]},"_coverageSchema":"1a1c01bbd47fc00a2c39e90264f33305004495a9","hash":"ef953c6ae4ae257bf06b6c13f39adec8a44443ec"}
,"/Users/kopcion/nurse-scheduling-problem-frontend/src/components/buttons/import-buttons/import-buttons.component.tsx": {"path":"/Users/kopcion/nurse-scheduling-problem-frontend/src/components/buttons/import-buttons/import-buttons.component.tsx","statementMap":{"0":{"start":{"line":14,"column":27},"end":{"line":14,"column":43}},"1":{"start":{"line":15,"column":21},"end":{"line":15,"column":51}},"2":{"start":{"line":17,"column":29},"end":{"line":19,"column":3}},"3":{"start":{"line":18,"column":38},"end":{"line":18,"column":82}},"4":{"start":{"line":21,"column":31},"end":{"line":25,"column":3}},"5":{"start":{"line":23,"column":18},"end":{"line":23,"column":45}},"6":{"start":{"line":26,"column":31},"end":{"line":30,"column":3}},"7":{"start":{"line":28,"column":24},"end":{"line":28,"column":38}},"8":{"start":{"line":32,"column":18},"end":{"line":32,"column":38}},"9":{"start":{"line":35,"column":4},"end":{"line":37,"column":5}},"10":{"start":{"line":36,"column":6},"end":{"line":36,"column":31}},"11":{"start":{"line":40,"column":48},"end":{"line":40,"column":69}},"12":{"start":{"line":42,"column":2},"end":{"line":62,"column":4}},"13":{"start":{"line":55,"column":35},"end":{"line":55,"column":54}}},"fnMap":{"0":{"name":"ImportButtonsComponent","decl":{"start":{"line":13,"column":16},"end":{"line":13,"column":38}},"loc":{"start":{"line":13,"column":54},"end":{"line":63,"column":1}},"line":13},"1":{"name":"(anonymous_1)","decl":{"start":{"line":18,"column":4},"end":{"line":18,"column":5}},"loc":{"start":{"line":18,"column":38},"end":{"line":18,"column":82}},"line":18},"2":{"name":"(anonymous_2)","decl":{"start":{"line":23,"column":12},"end":{"line":23,"column":13}},"loc":{"start":{"line":23,"column":18},"end":{"line":23,"column":45}},"line":23},"3":{"name":"(anonymous_3)","decl":{"start":{"line":28,"column":12},"end":{"line":28,"column":13}},"loc":{"start":{"line":28,"column":24},"end":{"line":28,"column":38}},"line":28},"4":{"name":"handleExport","decl":{"start":{"line":34,"column":11},"end":{"line":34,"column":23}},"loc":{"start":{"line":34,"column":32},"end":{"line":38,"column":3}},"line":34},"5":{"name":"(anonymous_5)","decl":{"start":{"line":55,"column":18},"end":{"line":55,"column":19}},"loc":{"start":{"line":55,"column":35},"end":{"line":55,"column":54}},"line":55}},"branchMap":{"0":{"loc":{"start":{"line":35,"column":4},"end":{"line":37,"column":5}},"type":"if","locations":[{"start":{"line":35,"column":4},"end":{"line":37,"column":5}},{"start":{"line":35,"column":4},"end":{"line":37,"column":5}}],"line":35}},"s":{"0":644,"1":644,"2":644,"3":913,"4":644,"5":0,"6":644,"7":2,"8":644,"9":2,"10":2,"11":644,"12":644,"13":3},"f":{"0":644,"1":913,"2":0,"3":2,"4":2,"5":3},"b":{"0":[2,0]},"_coverageSchema":"1a1c01bbd47fc00a2c39e90264f33305004495a9","hash":"1ab28ffeed228af19ba4b5de5f5047dc5d18f156"}
,"/Users/kopcion/nurse-scheduling-problem-frontend/src/components/buttons/import-buttons/import-modal-context.tsx": {"path":"/Users/kopcion/nurse-scheduling-problem-frontend/src/components/buttons/import-buttons/import-modal-context.tsx","statementMap":{"0":{"start":{"line":18,"column":34},"end":{"line":18,"column":86}},"1":{"start":{"line":21,"column":37},"end":{"line":21,"column":58}},"2":{"start":{"line":22,"column":28},"end":{"line":22,"column":41}},"3":{"start":{"line":23,"column":53},"end":{"line":23,"column":75}},"4":{"start":{"line":25,"column":2},"end":{"line":38,"column":54}},"5":{"start":{"line":26,"column":4},"end":{"line":29,"column":5}},"6":{"start":{"line":27,"column":21},"end":{"line":27,"column":92}},"7":{"start":{"line":28,"column":6},"end":{"line":28,"column":32}},"8":{"start":{"line":30,"column":4},"end":{"line":32,"column":5}},"9":{"start":{"line":31,"column":6},"end":{"line":31,"column":31}},"10":{"start":{"line":34,"column":4},"end":{"line":37,"column":39}},"11":{"start":{"line":41,"column":17},"end":{"line":41,"column":62}},"12":{"start":{"line":42,"column":4},"end":{"line":44,"column":5}},"13":{"start":{"line":43,"column":6},"end":{"line":43,"column":23}},"14":{"start":{"line":47,"column":2},"end":{"line":56,"column":4}},"15":{"start":{"line":60,"column":18},"end":{"line":60,"column":48}},"16":{"start":{"line":62,"column":2},"end":{"line":62,"column":93}},"17":{"start":{"line":62,"column":16},"end":{"line":62,"column":93}},"18":{"start":{"line":64,"column":2},"end":{"line":64,"column":17}}},"fnMap":{"0":{"name":"ImportModalProvider","decl":{"start":{"line":20,"column":16},"end":{"line":20,"column":35}},"loc":{"start":{"line":20,"column":88},"end":{"line":57,"column":1}},"line":20},"1":{"name":"(anonymous_1)","decl":{"start":{"line":25,"column":12},"end":{"line":25,"column":13}},"loc":{"start":{"line":25,"column":18},"end":{"line":38,"column":3}},"line":25},"2":{"name":"handleImport","decl":{"start":{"line":40,"column":11},"end":{"line":40,"column":23}},"loc":{"start":{"line":40,"column":68},"end":{"line":45,"column":3}},"line":40},"3":{"name":"useImportModal","decl":{"start":{"line":59,"column":16},"end":{"line":59,"column":30}},"loc":{"start":{"line":59,"column":59},"end":{"line":65,"column":1}},"line":59}},"branchMap":{"0":{"loc":{"start":{"line":26,"column":4},"end":{"line":29,"column":5}},"type":"if","locations":[{"start":{"line":26,"column":4},"end":{"line":29,"column":5}},{"start":{"line":26,"column":4},"end":{"line":29,"column":5}}],"line":26},"1":{"loc":{"start":{"line":30,"column":4},"end":{"line":32,"column":5}},"type":"if","locations":[{"start":{"line":30,"column":4},"end":{"line":32,"column":5}},{"start":{"line":30,"column":4},"end":{"line":32,"column":5}}],"line":30},"2":{"loc":{"start":{"line":41,"column":17},"end":{"line":41,"column":62}},"type":"binary-expr","locations":[{"start":{"line":41,"column":17},"end":{"line":41,"column":36}},{"start":{"line":41,"column":40},"end":{"line":41,"column":62}}],"line":41},"3":{"loc":{"start":{"line":42,"column":4},"end":{"line":44,"column":5}},"type":"if","locations":[{"start":{"line":42,"column":4},"end":{"line":44,"column":5}},{"start":{"line":42,"column":4},"end":{"line":44,"column":5}}],"line":42},"4":{"loc":{"start":{"line":54,"column":7},"end":{"line":54,"column":96}},"type":"binary-expr","locations":[{"start":{"line":54,"column":7},"end":{"line":54,"column":32}},{"start":{"line":54,"column":36},"end":{"line":54,"column":96}}],"line":54},"5":{"loc":{"start":{"line":62,"column":2},"end":{"line":62,"column":93}},"type":"if","locations":[{"start":{"line":62,"column":2},"end":{"line":62,"column":93}},{"start":{"line":62,"column":2},"end":{"line":62,"column":93}}],"line":62}},"s":{"0":57,"1":1422,"2":1422,"3":1422,"4":1422,"5":114,"6":57,"7":57,"8":114,"9":114,"10":114,"11":59,"12":59,"13":59,"14":1422,"15":1506,"16":1506,"17":0,"18":1506},"f":{"0":1422,"1":114,"2":59,"3":1506},"b":{"0":[57,57],"1":[114,0],"2":[59,59],"3":[59,0],"4":[1422,0],"5":[0,1506]},"_coverageSchema":"1a1c01bbd47fc00a2c39e90264f33305004495a9","hash":"5f0f33b870b22ddcbb7f62400763ae0c6cb6a7e5"}
,"/Users/kopcion/nurse-scheduling-problem-frontend/src/components/buttons/import-buttons/hooks/use-file-reader.ts": {"path":"/Users/kopcion/nurse-scheduling-problem-frontend/src/components/buttons/import-buttons/hooks/use-file-reader.ts","statementMap":{"0":{"start":{"line":7,"column":21},"end":{"line":7,"column":56}},"1":{"start":{"line":7,"column":35},"end":{"line":7,"column":51}},"2":{"start":{"line":8,"column":32},"end":{"line":8,"column":55}},"3":{"start":{"line":10,"column":2},"end":{"line":14,"column":19}},"4":{"start":{"line":11,"column":26},"end":{"line":11,"column":82}},"5":{"start":{"line":11,"column":38},"end":{"line":11,"column":82}},"6":{"start":{"line":12,"column":4},"end":{"line":12,"column":58}},"7":{"start":{"line":13,"column":4},"end":{"line":13,"column":80}},"8":{"start":{"line":13,"column":23},"end":{"line":13,"column":79}},"9":{"start":{"line":16,"column":21},"end":{"line":21,"column":3}},"10":{"start":{"line":18,"column":6},"end":{"line":18,"column":41}},"11":{"start":{"line":22,"column":2},"end":{"line":22,"column":31}}},"fnMap":{"0":{"name":"useFileReader","decl":{"start":{"line":6,"column":16},"end":{"line":6,"column":29}},"loc":{"start":{"line":6,"column":84},"end":{"line":23,"column":1}},"line":6},"1":{"name":"(anonymous_1)","decl":{"start":{"line":7,"column":29},"end":{"line":7,"column":30}},"loc":{"start":{"line":7,"column":35},"end":{"line":7,"column":51}},"line":7},"2":{"name":"(anonymous_2)","decl":{"start":{"line":10,"column":12},"end":{"line":10,"column":13}},"loc":{"start":{"line":10,"column":18},"end":{"line":14,"column":3}},"line":10},"3":{"name":"(anonymous_3)","decl":{"start":{"line":11,"column":26},"end":{"line":11,"column":27}},"loc":{"start":{"line":11,"column":38},"end":{"line":11,"column":82}},"line":11},"4":{"name":"(anonymous_4)","decl":{"start":{"line":13,"column":11},"end":{"line":13,"column":12}},"loc":{"start":{"line":13,"column":23},"end":{"line":13,"column":79}},"line":13},"5":{"name":"(anonymous_5)","decl":{"start":{"line":17,"column":4},"end":{"line":17,"column":5}},"loc":{"start":{"line":17,"column":26},"end":{"line":19,"column":5}},"line":17}},"branchMap":{},"s":{"0":1422,"1":114,"2":1422,"3":1422,"4":57,"5":58,"6":57,"7":57,"8":0,"9":1422,"10":59,"11":1422},"f":{"0":1422,"1":114,"2":57,"3":58,"4":0,"5":59},"b":{},"_coverageSchema":"1a1c01bbd47fc00a2c39e90264f33305004495a9","hash":"129292919ea3b23407ca92b786030c7be70123fc"}
,"/Users/kopcion/nurse-scheduling-problem-frontend/src/components/buttons/import-buttons/hooks/use-schedule-converter.ts": {"path":"/Users/kopcion/nurse-scheduling-problem-frontend/src/components/buttons/import-buttons/hooks/use-schedule-converter.ts","statementMap":{"0":{"start":{"line":30,"column":54},"end":{"line":33,"column":1}},"1":{"start":{"line":54,"column":36},"end":{"line":54,"column":51}},"2":{"start":{"line":56,"column":53},"end":{"line":74,"column":3}},"3":{"start":{"line":61,"column":6},"end":{"line":71,"column":7}},"4":{"start":{"line":63,"column":10},"end":{"line":66,"column":12}},"5":{"start":{"line":68,"column":10},"end":{"line":68,"column":66}},"6":{"start":{"line":70,"column":10},"end":{"line":70,"column":60}},"7":{"start":{"line":76,"column":25},"end":{"line":84,"column":3}},"8":{"start":{"line":78,"column":6},"end":{"line":81,"column":9}},"9":{"start":{"line":86,"column":30},"end":{"line":94,"column":3}},"10":{"start":{"line":88,"column":6},"end":{"line":91,"column":9}},"11":{"start":{"line":96,"column":40},"end":{"line":98,"column":3}},"12":{"start":{"line":97,"column":38},"end":{"line":97,"column":95}},"13":{"start":{"line":99,"column":33},"end":{"line":99,"column":50}},"14":{"start":{"line":100,"column":28},"end":{"line":117,"column":3}},"15":{"start":{"line":101,"column":16},"end":{"line":101,"column":45}},"16":{"start":{"line":102,"column":4},"end":{"line":115,"column":5}},"17":{"start":{"line":107,"column":6},"end":{"line":112,"column":9}},"18":{"start":{"line":113,"column":6},"end":{"line":113,"column":82}},"19":{"start":{"line":114,"column":6},"end":{"line":114,"column":19}},"20":{"start":{"line":116,"column":4},"end":{"line":116,"column":16}},"21":{"start":{"line":119,"column":2},"end":{"line":143,"column":20}},"22":{"start":{"line":120,"column":4},"end":{"line":122,"column":5}},"23":{"start":{"line":121,"column":6},"end":{"line":121,"column":13}},"24":{"start":{"line":124,"column":4},"end":{"line":141,"column":7}},"25":{"start":{"line":125,"column":6},"end":{"line":140,"column":7}},"26":{"start":{"line":126,"column":25},"end":{"line":126,"column":45}},"27":{"start":{"line":127,"column":8},"end":{"line":139,"column":11}},"28":{"start":{"line":128,"column":10},"end":{"line":138,"column":11}},"29":{"start":{"line":129,"column":12},"end":{"line":129,"column":38}},"30":{"start":{"line":131,"column":12},"end":{"line":136,"column":15}},"31":{"start":{"line":137,"column":12},"end":{"line":137,"column":88}},"32":{"start":{"line":145,"column":2},"end":{"line":149,"column":4}},"33":{"start":{"line":152,"column":20},"end":{"line":152,"column":42}},"34":{"start":{"line":153,"column":29},"end":{"line":153,"column":74}},"35":{"start":{"line":155,"column":4},"end":{"line":167,"column":5}},"36":{"start":{"line":156,"column":6},"end":{"line":166,"column":9}},"37":{"start":{"line":157,"column":26},"end":{"line":157,"column":41}},"38":{"start":{"line":159,"column":8},"end":{"line":161,"column":9}},"39":{"start":{"line":159,"column":24},"end":{"line":159,"column":25}},"40":{"start":{"line":160,"column":10},"end":{"line":160,"column":49}},"41":{"start":{"line":163,"column":8},"end":{"line":165,"column":9}},"42":{"start":{"line":164,"column":10},"end":{"line":164,"column":34}},"43":{"start":{"line":168,"column":4},"end":{"line":168,"column":19}},"44":{"start":{"line":172,"column":19},"end":{"line":172,"column":41}},"45":{"start":{"line":173,"column":28},"end":{"line":173,"column":72}},"46":{"start":{"line":175,"column":4},"end":{"line":193,"column":5}},"47":{"start":{"line":176,"column":6},"end":{"line":192,"column":9}},"48":{"start":{"line":177,"column":26},"end":{"line":177,"column":41}},"49":{"start":{"line":179,"column":8},"end":{"line":187,"column":9}},"50":{"start":{"line":179,"column":24},"end":{"line":179,"column":25}},"51":{"start":{"line":180,"column":10},"end":{"line":186,"column":11}},"52":{"start":{"line":181,"column":12},"end":{"line":183,"column":14}},"53":{"start":{"line":185,"column":12},"end":{"line":185,"column":72}},"54":{"start":{"line":189,"column":8},"end":{"line":191,"column":9}},"55":{"start":{"line":190,"column":10},"end":{"line":190,"column":33}},"56":{"start":{"line":194,"column":4},"end":{"line":194,"column":18}},"57":{"start":{"line":198,"column":30},"end":{"line":198,"column":67}},"58":{"start":{"line":199,"column":4},"end":{"line":201,"column":5}},"59":{"start":{"line":200,"column":6},"end":{"line":200,"column":53}},"60":{"start":{"line":203,"column":23},"end":{"line":203,"column":52}},"61":{"start":{"line":204,"column":21},"end":{"line":204,"column":43}},"62":{"start":{"line":206,"column":23},"end":{"line":206,"column":24}},"63":{"start":{"line":208,"column":4},"end":{"line":231,"column":5}},"64":{"start":{"line":208,"column":23},"end":{"line":208,"column":24}},"65":{"start":{"line":209,"column":18},"end":{"line":209,"column":51}},"66":{"start":{"line":211,"column":24},"end":{"line":211,"column":39}},"67":{"start":{"line":213,"column":6},"end":{"line":215,"column":7}},"68":{"start":{"line":213,"column":22},"end":{"line":213,"column":23}},"69":{"start":{"line":214,"column":8},"end":{"line":214,"column":47}},"70":{"start":{"line":217,"column":6},"end":{"line":226,"column":7}},"71":{"start":{"line":218,"column":8},"end":{"line":220,"column":9}},"72":{"start":{"line":219,"column":10},"end":{"line":219,"column":38}},"73":{"start":{"line":221,"column":8},"end":{"line":221,"column":44}},"74":{"start":{"line":222,"column":8},"end":{"line":222,"column":23}},"75":{"start":{"line":224,"column":8},"end":{"line":224,"column":35}},"76":{"start":{"line":225,"column":8},"end":{"line":225,"column":25}},"77":{"start":{"line":228,"column":6},"end":{"line":230,"column":7}},"78":{"start":{"line":229,"column":8},"end":{"line":229,"column":14}},"79":{"start":{"line":233,"column":4},"end":{"line":235,"column":5}},"80":{"start":{"line":234,"column":6},"end":{"line":234,"column":53}},"81":{"start":{"line":236,"column":4},"end":{"line":236,"column":22}},"82":{"start":{"line":240,"column":26},"end":{"line":240,"column":51}},"83":{"start":{"line":241,"column":25},"end":{"line":241,"column":49}},"84":{"start":{"line":242,"column":24},"end":{"line":242,"column":47}},"85":{"start":{"line":244,"column":4},"end":{"line":258,"column":5}},"86":{"start":{"line":245,"column":21},"end":{"line":245,"column":94}},"87":{"start":{"line":247,"column":6},"end":{"line":256,"column":9}},"88":{"start":{"line":257,"column":6},"end":{"line":257,"column":80}}},"fnMap":{"0":{"name":"useScheduleConverter","decl":{"start":{"line":53,"column":16},"end":{"line":53,"column":36}},"loc":{"start":{"line":53,"column":67},"end":{"line":260,"column":1}},"line":53},"1":{"name":"(anonymous_1)","decl":{"start":{"line":57,"column":4},"end":{"line":57,"column":5}},"loc":{"start":{"line":60,"column":33},"end":{"line":72,"column":5}},"line":60},"2":{"name":"(anonymous_2)","decl":{"start":{"line":77,"column":4},"end":{"line":77,"column":5}},"loc":{"start":{"line":77,"column":33},"end":{"line":82,"column":5}},"line":77},"3":{"name":"(anonymous_3)","decl":{"start":{"line":87,"column":4},"end":{"line":87,"column":5}},"loc":{"start":{"line":87,"column":42},"end":{"line":92,"column":5}},"line":87},"4":{"name":"(anonymous_4)","decl":{"start":{"line":97,"column":4},"end":{"line":97,"column":5}},"loc":{"start":{"line":97,"column":38},"end":{"line":97,"column":95}},"line":97},"5":{"name":"(anonymous_5)","decl":{"start":{"line":100,"column":28},"end":{"line":100,"column":29}},"loc":{"start":{"line":100,"column":82},"end":{"line":117,"column":3}},"line":100},"6":{"name":"(anonymous_6)","decl":{"start":{"line":119,"column":12},"end":{"line":119,"column":13}},"loc":{"start":{"line":119,"column":18},"end":{"line":143,"column":3}},"line":119},"7":{"name":"(anonymous_7)","decl":{"start":{"line":124,"column":40},"end":{"line":124,"column":41}},"loc":{"start":{"line":124,"column":49},"end":{"line":141,"column":5}},"line":124},"8":{"name":"(anonymous_8)","decl":{"start":{"line":127,"column":45},"end":{"line":127,"column":46}},"loc":{"start":{"line":127,"column":51},"end":{"line":139,"column":9}},"line":127},"9":{"name":"extractWorkers","decl":{"start":{"line":151,"column":11},"end":{"line":151,"column":25}},"loc":{"start":{"line":151,"column":58},"end":{"line":169,"column":3}},"line":151},"10":{"name":"(anonymous_10)","decl":{"start":{"line":156,"column":38},"end":{"line":156,"column":39}},"loc":{"start":{"line":156,"column":47},"end":{"line":166,"column":7}},"line":156},"11":{"name":"extractShifts","decl":{"start":{"line":171,"column":11},"end":{"line":171,"column":24}},"loc":{"start":{"line":171,"column":57},"end":{"line":195,"column":3}},"line":171},"12":{"name":"(anonymous_12)","decl":{"start":{"line":176,"column":37},"end":{"line":176,"column":38}},"loc":{"start":{"line":176,"column":46},"end":{"line":192,"column":7}},"line":176},"13":{"name":"extractSchedule","decl":{"start":{"line":197,"column":11},"end":{"line":197,"column":26}},"loc":{"start":{"line":197,"column":66},"end":{"line":237,"column":3}},"line":197},"14":{"name":"readFileContent","decl":{"start":{"line":239,"column":11},"end":{"line":239,"column":26}},"loc":{"start":{"line":239,"column":43},"end":{"line":259,"column":3}},"line":239}},"branchMap":{"0":{"loc":{"start":{"line":61,"column":6},"end":{"line":71,"column":7}},"type":"switch","locations":[{"start":{"line":62,"column":8},"end":{"line":66,"column":12}},{"start":{"line":67,"column":8},"end":{"line":68,"column":66}},{"start":{"line":69,"column":8},"end":{"line":70,"column":60}}],"line":61},"1":{"loc":{"start":{"line":65,"column":28},"end":{"line":65,"column":48}},"type":"binary-expr","locations":[{"start":{"line":65,"column":28},"end":{"line":65,"column":42}},{"start":{"line":65,"column":46},"end":{"line":65,"column":48}}],"line":65},"2":{"loc":{"start":{"line":68,"column":23},"end":{"line":68,"column":62}},"type":"binary-expr","locations":[{"start":{"line":68,"column":23},"end":{"line":68,"column":37}},{"start":{"line":68,"column":41},"end":{"line":68,"column":62}}],"line":68},"3":{"loc":{"start":{"line":102,"column":4},"end":{"line":115,"column":5}},"type":"if","locations":[{"start":{"line":102,"column":4},"end":{"line":115,"column":5}},{"start":{"line":102,"column":4},"end":{"line":115,"column":5}}],"line":102},"4":{"loc":{"start":{"line":103,"column":6},"end":{"line":105,"column":86}},"type":"binary-expr","locations":[{"start":{"line":103,"column":6},"end":{"line":103,"column":10}},{"start":{"line":104,"column":6},"end":{"line":104,"column":24}},{"start":{"line":105,"column":6},"end":{"line":105,"column":86}}],"line":103},"5":{"loc":{"start":{"line":120,"column":4},"end":{"line":122,"column":5}},"type":"if","locations":[{"start":{"line":120,"column":4},"end":{"line":122,"column":5}},{"start":{"line":120,"column":4},"end":{"line":122,"column":5}}],"line":120},"6":{"loc":{"start":{"line":125,"column":6},"end":{"line":140,"column":7}},"type":"if","locations":[{"start":{"line":125,"column":6},"end":{"line":140,"column":7}},{"start":{"line":125,"column":6},"end":{"line":140,"column":7}}],"line":125},"7":{"loc":{"start":{"line":155,"column":4},"end":{"line":167,"column":5}},"type":"if","locations":[{"start":{"line":155,"column":4},"end":{"line":167,"column":5}},{"start":{"line":155,"column":4},"end":{
[...]
31},"end":{"line":78,"column":93}},"24":{"start":{"line":79,"column":6},"end":{"line":79,"column":99}},"25":{"start":{"line":84,"column":4},"end":{"line":119,"column":6}},"26":{"start":{"line":85,"column":27},"end":{"line":85,"column":33}},"27":{"start":{"line":86,"column":29},"end":{"line":86,"column":91}},"28":{"start":{"line":87,"column":26},"end":{"line":87,"column":65}},"29":{"start":{"line":89,"column":25},"end":{"line":93,"column":7}},"30":{"start":{"line":95,"column":6},"end":{"line":97,"column":7}},"31":{"start":{"line":96,"column":8},"end":{"line":96,"column":91}},"32":{"start":{"line":98,"column":6},"end":{"line":98,"column":54}},"33":{"start":{"line":100,"column":26},"end":{"line":102,"column":7}},"34":{"start":{"line":103,"column":6},"end":{"line":103,"column":71}},"35":{"start":{"line":103,"column":64},"end":{"line":103,"column":71}},"36":{"start":{"line":104,"column":6},"end":{"line":109,"column":7}},"37":{"start":{"line":105,"column":8},"end":{"line":108,"column":10}},"38":{"start":{"line":110,"column":29},"end":{"line":114,"column":7}},"39":{"start":{"line":115,"column":6},"end":{"line":117,"column":7}},"40":{"start":{"line":116,"column":8},"end":{"line":116,"column":99}},"41":{"start":{"line":118,"column":6},"end":{"line":118,"column":99}},"42":{"start":{"line":125,"column":28},"end":{"line":125,"column":52}},"43":{"start":{"line":126,"column":35},"end":{"line":128,"column":16}},"44":{"start":{"line":130,"column":4},"end":{"line":130,"column":95}},"45":{"start":{"line":137,"column":31},"end":{"line":137,"column":58}},"46":{"start":{"line":138,"column":4},"end":{"line":138,"column":61}},"47":{"start":{"line":139,"column":4},"end":{"line":139,"column":61}},"48":{"start":{"line":140,"column":4},"end":{"line":140,"column":71}},"49":{"start":{"line":141,"column":4},"end":{"line":141,"column":49}},"50":{"start":{"line":143,"column":4},"end":{"line":143,"column":30}},"51":{"start":{"line":151,"column":28},"end":{"line":151,"column":55}},"52":{"start":{"line":152,"column":59},"end":{"line":152,"column":65}},"53":{"start":{"line":154,"column":4},"end":{"line":157,"column":6}},"54":{"start":{"line":158,"column":4},"end":{"line":175,"column":6}},"55":{"start":{"line":177,"column":4},"end":{"line":177,"column":27}},"56":{"start":{"line":181,"column":18},"end":{"line":181,"column":28}},"57":{"start":{"line":182,"column":28},"end":{"line":182,"column":96}},"58":{"start":{"line":183,"column":4},"end":{"line":189,"column":5}},"59":{"start":{"line":184,"column":6},"end":{"line":188,"column":8}},"60":{"start":{"line":190,"column":4},"end":{"line":190,"column":27}}},"fnMap":{"0":{"name":"(anonymous_0)","decl":{"start":{"line":33,"column":2},"end":{"line":33,"column":3}},"loc":{"start":{"line":33,"column":95},"end":{"line":59,"column":3}},"line":33},"1":{"name":"(anonymous_1)","decl":{"start":{"line":34,"column":11},"end":{"line":34,"column":12}},"loc":{"start":{"line":34,"column":56},"end":{"line":58,"column":5}},"line":34},"2":{"name":"(anonymous_2)","decl":{"start":{"line":61,"column":2},"end":{"line":61,"column":3}},"loc":{"start":{"line":61,"column":83},"end":{"line":81,"column":3}},"line":61},"3":{"name":"(anonymous_3)","decl":{"start":{"line":62,"column":11},"end":{"line":62,"column":12}},"loc":{"start":{"line":62,"column":56},"end":{"line":80,"column":5}},"line":62},"4":{"name":"(anonymous_4)","decl":{"start":{"line":83,"column":2},"end":{"line":83,"column":3}},"loc":{"start":{"line":83,"column":95},"end":{"line":120,"column":3}},"line":83},"5":{"name":"(anonymous_5)","decl":{"start":{"line":84,"column":11},"end":{"line":84,"column":12}},"loc":{"start":{"line":84,"column":56},"end":{"line":119,"column":5}},"line":84},"6":{"name":"(anonymous_6)","decl":{"start":{"line":122,"column":2},"end":{"line":122,"column":3}},"loc":{"start":{"line":124,"column":38},"end":{"line":131,"column":3}},"line":124},"7":{"name":"(anonymous_7)","decl":{"start":{"line":133,"column":2},"end":{"line":133,"column":3}},"loc":{"start":{"line":136,"column":20},"end":{"line":144,"column":3}},"line":136},"8":{"name":"(anonymous_8)","decl":{"start":{"line":146,"column":2},"end":{"line":146,"column":3}},"loc":{"start":{"line":150,"column":20},"end":{"line":178,"column":3}},"line":150},"9":{"name":"(anonymous_9)","decl":{"start":{"line":180,"column":2},"end":{"line":180,"column":3}},"loc":{"start":{"line":180,"column":82},"end":{"line":191,"column":3}},"line":180}},"branchMap":{"0":{"loc":{"start":{"line":50,"column":6},"end":{"line":50,"column":71}},"type":"if","locations":[{"start":{"line":50,"column":6},"end":{"line":50,"column":71}},{"start":{"line":50,"column":6},"end":{"line":50,"column":71}}],"line":50},"1":{"loc":{"start":{"line":50,"column":10},"end":{"line":50,"column":62}},"type":"binary-expr","locations":[{"start":{"line":50,"column":10},"end":{"line":50,"column":30}},{"start":{"line":50,"column":34},"end":{"line":50,"column":62}}],"line":50},"2":{"loc":{"start":{"line":63,"column":6},"end":{"line":63,"column":26}},"type":"if","locations":[{"start":{"line":63,"column":6},"end":{"line":63,"column":26}},{"start":{"line":63,"column":6},"end":{"line":63,"column":26}}],"line":63},"3":{"loc":{"start":{"line":77,"column":6},"end":{"line":77,"column":71}},"type":"if","locations":[{"start":{"line":77,"column":6},"end":{"line":77,"column":71}},{"start":{"line":77,"column":6},"end":{"line":77,"column":71}}],"line":77},"4":{"loc":{"start":{"line":77,"column":10},"end":{"line":77,"column":62}},"type":"binary-expr","locations":[{"start":{"line":77,"column":10},"end":{"line":77,"column":30}},{"start":{"line":77,"column":34},"end":{"line":77,"column":62}}],"line":77},"5":{"loc":{"start":{"line":95,"column":6},"end":{"line":97,"column":7}},"type":"if","locations":[{"start":{"line":95,"column":6},"end":{"line":97,"column":7}},{"start":{"line":95,"column":6},"end":{"line":97,"column":7}}],"line":95},"6":{"loc":{"start":{"line":103,"column":6},"end":{"line":103,"column":71}},"type":"if","locations":[{"start":{"line":103,"column":6},"end":{"line":103,"column":71}},{"start":{"line":103,"column":6},"end":{"line":103,"column":71}}],"line":103},"7":{"loc":{"start":{"line":103,"column":10},"end":{"line":103,"column":62}},"type":"binary-expr","locations":[{"start":{"line":103,"column":10},"end":{"line":103,"column":30}},{"start":{"line":103,"column":34},"end":{"line":103,"column":62}}],"line":103},"8":{"loc":{"start":{"line":104,"column":6},"end":{"line":109,"column":7}},"type":"if","locations":[{"start":{"line":104,"column":6},"end":{"line":109,"column":7}},{"start":{"line":104,"column":6},"end":{"line":109,"column":7}}],"line":104},"9":{"loc":{"start":{"line":115,"column":6},"end":{"line":117,"column":7}},"type":"if","locations":[{"start":{"line":115,"column":6},"end":{"line":117,"column":7}},{"start":{"line":115,"column":6},"end":{"line":117,"column":7}}],"line":115},"10":{"loc":{"start":{"line":126,"column":35},"end":{"line":128,"column":16}},"type":"cond-expr","locations":[{"start":{"line":127,"column":8},"end":{"line":127,"column":17}},{"start":{"line":128,"column":8},"end":{"line":128,"column":16}}],"line":126},"11":{"loc":{"start":{"line":165,"column":22},"end":{"line":165,"column":55}},"type":"binary-expr","locations":[{"start":{"line":165,"column":22},"end":{"line":165,"column":32}},{"start":{"line":165,"column":36},"end":{"line":165,"column":55}}],"line":165},"12":{"loc":{"start":{"line":169,"column":22},"end":{"line":169,"column":59}},"type":"binary-expr","locations":[{"start":{"line":169,"column":22},"end":{"line":169,"column":34}},{"start":{"line":169,"column":38},"end":{"line":169,"column":59}}],"line":169},"13":{"loc":{"start":{"line":173,"column":22},"end":{"line":173,"column":42}},"type":"binary-expr","locations":[{"start":{"line":173,"column":22},"end":{"line":173,"column":26}},{"start":{"line":173,"column":30},"end":{"line":173,"column":42}}],"line":173},"14":{"loc":{"start":{"line":183,"column":4},"end":{"line":189,"column":5}},"type":"if","locations":[{"start":{"line":183,"column":4},"end":{"line":189,"column":5}},{"start":{"line":183,"column":4},"end":{"line":189,"column":5}}],"line":183},"15":{"loc":{"start":{"line":183,"column":8},"end":{"line":183,"column":66}},"type":"binary-expr","locations":[{"start":{"line":183,"column":8},"end":{"line":183,"column":34}},{"start":{"line":183,"column":38},"end":{"line":183,"column":66}}],"line":183}},"s":{"0":7,"1":7,"2":7,"3":7,"4":7,"5":7,"6":7,"7":7,"8":0,"9":7,"10":7,"11":7,"12":0,"13":0,"14":0,"15":0,"16":0,"17":0,"18":0,"19":0,"20":0,"21":0,"22":0,"23":0,"24":0,"25":0,"26":0,"27":0,"28":0,"29":0,"30":0,"31":0,"32":0,"33":0,"34":0,"35":0,"36":0,"37":0,"38":0,"39":0,"40":0,"41":0,"42":7,"43":7,"44":7,"45":0,"46":0,"47":0,"48":0,"49":0,"50":0,"51":14,"52":14,"53":14,"54":14,"55":14,"56":14,"57":14,"58":14,"59":7,"60":14},"f":{"0":7,"1":7,"2":0,"3":0,"4":0,"5":0,"6":7,"7":0,"8":14,"9":14},"b":{"0":[0,7],"1":[7,7],"2":[0,0],"3":[0,0],"4":[0,0],"5":[0,0],"6":[0,0],"7":[0,0],"8":[0,0],"9":[0,0],"10":[0,7],"11":[14,0],"12":[14,0],"13":[14,0],"14":[7,7],"15":[14,7]},"_coverageSchema":"1a1c01bbd47fc00a2c39e90264f33305004495a9","hash":"6b4565a6f76a3a5a8e12e49dd01de285d3eb7b17"}
,"/Users/kopcion/nurse-scheduling-problem-frontend/src/state/schedule-data/workers-shifts/worker-shifts.action-creator.ts": {"path":"/Users/kopcion/nurse-scheduling-problem-frontend/src/state/schedule-data/workers-shifts/worker-shifts.action-creator.ts","statementMap":{"0":{"start":{"line":13,"column":4},"end":{"line":13,"column":51}},"1":{"start":{"line":14,"column":4},"end":{"line":19,"column":6}},"2":{"start":{"line":15,"column":32},"end":{"line":15,"column":93}},"3":{"start":{"line":16,"column":6},"end":{"line":16,"column":85}},"4":{"start":{"line":17,"column":21},"end":{"line":17,"column":80}},"5":{"start":{"line":18,"column":6},"end":{"line":18,"column":23}}},"fnMap":{"0":{"name":"(anonymous_0)","decl":{"start":{"line":10,"column":2},"end":{"line":10,"column":3}},"loc":{"start":{"line":12,"column":28},"end":{"line":20,"column":3}},"line":12},"1":{"name":"(anonymous_1)","decl":{"start":{"line":14,"column":11},"end":{"line":14,"column":12}},"loc":{"start":{"line":14,"column":56},"end":{"line":19,"column":5}},"line":14}},"branchMap":{},"s":{"0":55,"1":55,"2":55,"3":55,"4":55,"5":55},"f":{"0":55,"1":55},"b":{},"_coverageSchema":"1a1c01bbd47fc00a2c39e90264f33305004495a9","hash":"91470cf89f75576780b4cace3b707855415a3ec5"}
,"/Users/kopcion/nurse-scheduling-problem-frontend/src/state/schedule-data/workers-shifts/worker-shifts.initial-state.ts": {"path":"/Users/kopcion/nurse-scheduling-problem-frontend/src/state/schedule-data/workers-shifts/worker-shifts.initial-state.ts","statementMap":{"0":{"start":{"line":6,"column":59},"end":{"line":6,"column":61}}},"fnMap":{},"branchMap":{},"s":{"0":57},"f":{},"b":{},"_coverageSchema":"1a1c01bbd47fc00a2c39e90264f33305004495a9","hash":"095c3e31ab4c72f1d825e7bd889344f5553b8c10"}
,"/Users/kopcion/nurse-scheduling-problem-frontend/src/state/schedule-data/workers-shifts/worker-shifts.model.ts": {"path":"/Users/kopcion/nurse-scheduling-problem-frontend/src/state/schedule-data/workers-shifts/worker-shifts.model.ts","statementMap":{"0":{"start":{"line":17,"column":2},"end":{"line":30,"column":3}},"1":{"start":{"line":18,"column":35},"end":{"line":18,"column":60}},"2":{"start":{"line":19,"column":21},"end":{"line":19,"column":40}},"3":{"start":{"line":20,"column":4},"end":{"line":24,"column":5}},"4":{"start":{"line":21,"column":6},"end":{"line":23,"column":8}},"5":{"start":{"line":25,"column":4},"end":{"line":29,"column":7}},"6":{"start":{"line":26,"column":6},"end":{"line":28,"column":7}},"7":{"start":{"line":27,"column":8},"end":{"line":27,"column":95}}},"fnMap":{"0":{"name":"validateWorkerShiftsModel","decl":{"start":{"line":13,"column":16},"end":{"line":13,"column":41}},"loc":{"start":{"line":16,"column":8},"end":{"line":31,"column":1}},"line":16},"1":{"name":"(anonymous_1)","decl":{"start":{"line":25,"column":35},"end":{"line":25,"column":36}},"loc":{"start":{"line":25,"column":60},"end":{"line":29,"column":5}},"line":25}},"branchMap":{"0":{"loc":{"start":{"line":17,"column":2},"end":{"line":30,"column":3}},"type":"if","locations":[{"start":{"line":17,"column":2},"end":{"line":30,"column":3}},{"start":{"line":17,"column":2},"end":{"line":30,"column":3}}],"line":17},"1":{"loc":{"start":{"line":17,"column":6},"end":{"line":17,"column":48}},"type":"binary-expr","locations":[{"start":{"line":17,"column":6},"end":{"line":17,"column":26}},{"start":{"line":17,"column":30},"end":{"line":17,"column":48}}],"line":17},"2":{"loc":{"start":{"line":20,"column":4},"end":{"line":24,"column":5}},"type":"if","locations":[{"start":{"line":20,"column":4},"end":{"line":24,"column":5}},{"start":{"line":20,"column":4},"end":{"line":24,"column":5}}],"line":20},"3":{"loc":{"start":{"line":26,"column":6},"end":{"line":28,"column":7}},"type":"if","locations":[{"start":{"line":26,"column":6},"end":{"line":28,"column":7}},{"start":{"line":26,"column":6},"end":{"line":28,"column":7}}],"line":26}},"s":{"0":1702,"1":1702,"2":1702,"3":1702,"4":0,"5":1702,"6":22584,"7":0},"f":{"0":1702,"1":22584},"b":{"0":[1702,0],"1":[1702,1702],"2":[0,1702],"3":[0,22584]},"_coverageSchema":"1a1c01bbd47fc00a2c39e90264f33305004495a9","hash":"420c52bb7277f1ccb2e22827fd08cceb0c458ffa"}
,"/Users/kopcion/nurse-scheduling-problem-frontend/src/state/schedule-data/workers-shifts/worker-shifts.reducer.ts": {"path":"/Users/kopcion/nurse-scheduling-problem-frontend/src/state/schedule-data/workers-shifts/worker-shifts.reducer.ts","statementMap":{"0":{"start":{"line":14,"column":2},"end":{"line":54,"column":4}},"1":{"start":{"line":22,"column":4},"end":{"line":53,"column":5}},"2":{"start":{"line":25,"column":21},"end":{"line":25,"column":66}},"3":{"start":{"line":26,"column":8},"end":{"line":26,"column":33}},"4":{"start":{"line":29,"column":25},"end":{"line":29,"column":48}},"5":{"start":{"line":30,"column":8},"end":{"line":34,"column":11}},"6":{"start":{"line":31,"column":10},"end":{"line":33,"column":12}},"7":{"start":{"line":32,"column":12},"end":{"line":32,"column":70}},"8":{"start":{"line":35,"column":8},"end":{"line":35,"column":21}},"9":{"start":{"line":37,"column":27},"end":{"line":37,"column":57}},"10":{"start":{"line":39,"column":25},"end":{"line":39,"column":38}},"11":{"start":{"line":40,"column":25},"end":{"line":40,"column":38}},"12":{"start":{"line":41,"column":8},"end":{"line":43,"column":9}},"13":{"start":{"line":42,"column":10},"end":{"line":42,"column":38}},"14":{"start":{"line":44,"column":8},"end":{"line":48,"column":11}},"15":{"start":{"line":45,"column":10},"end":{"line":47,"column":12}},"16":{"start":{"line":46,"column":12},"end":{"line":46,"column":96}},"17":{"start":{"line":49,"column":8},"end":{"line":49,"column":21}},"18":{"start":{"line":52,"column":8},"end":{"line":52,"column":21}}},"fnMap":{"0":{"name":"workerShiftsReducerF","decl":{"start":{"line":13,"column":16},"end":{"line":13,"column":36}},"loc":{"start":{"line":13,"column":51},"end":{"line":55,"column":1}},"line":13},"1":{"name":"(anonymous_1)","decl":{"start":{"line":14,"column":9},"end":{"line":14,"column":10}},"loc":{"start":{"line":21,"column":26},"end":{"line":54,"column":3}},"line":21},"2":{"name":"(anonymous_2)","decl":{"start":{"line":30,"column":38},"end":{"line":30,"column":39}},"loc":{"start":{"line":30,"column":71},"end":{"line":34,"column":9}},"line":30},"3":{"name":"(anonymous_3)","decl":{"start":{"line":31,"column":48},"end":{"line":31,"column":49}},"loc":{"start":{"line":32,"column":12},"end":{"line":32,"column":70}},"line":32},"4":{"name":"(anonymous_4)","decl":{"start":{"line":44,"column":38},"end":{"line":44,"column":39}},"loc":{"start":{"line":44,"column":56},"end":{"line":48,"column":9}},"line":44},"5":{"name":"(anonymous_5)","decl":{"start":{"line":45,"column":33},"end":{"line":45,"column":34}},"loc":{"start":{"line":46,"column":12},"end":{"line":46,"column":96}},"line":46}},"branchMap":{"0":{"loc":{"start":{"line":15,"column":4},"end":{"line":15,"column":62}},"type":"default-arg","locations":[{"start":{"line":15,"column":31},"end":{"line":15,"column":62}}],"line":15},"1":{"loc":{"start":{"line":22,"column":4},"end":{"line":53,"column":5}},"type":"switch","locations":[{"start":{"line":23,"column":6},"end":{"line":23,"column":62}},{"start":{"line":24,"column":6},"end":{"line":26,"column":33}},{"start":{"line":28,"column":6},"end":{"line":35,"column":21}},{"start":{"line":36,"column":6},"end":{"line":49,"column":21}},{"start":{"line":51,"column":6},"end":{"line":52,"column":21}}],"line":22},"2":{"loc":{"start":{"line":32,"column":12},"end":{"line":32,"column":70}},"type":"cond-expr","locations":[{"start":{"line":32,"column":40},"end":{"line":32,"column":51}},{"start":{"line":32,"column":54},"end":{"line":32,"column":70}}],"line":32},"3":{"loc":{"start":{"line":41,"column":8},"end":{"line":43,"column":9}},"type":"if","locations":[{"start":{"line":41,"column":8},"end":{"line":43,"column":9}},{"start":{"line":41,"column":8},"end":{"line":43,"column":9}}],"line":41},"4":{"loc":{"start":{"line":46,"column":12},"end":{"line":46,"column":96}},"type":"cond-expr","locations":[{"start":{"line":46,"column":50},"end":{"line":46,"column":76}},{"start":{"line":46,"column":80},"end":{"line":46,"column":96}}],"line":46}},"s":{"0":114,"1":1947,"2":235,"3":235,"4":0,"5":0,"6":0,"7":0,"8":0,"9":0,"10":0,"11":0,"12":0,"13":0,"14":0,"15":0,"16":0,"17":0,"18":1712},"f":{"0":114,"1":1947,"2":0,"3":0,"4":0,"5":0},"b":{"0":[798],"1":[180,235,0,0,1712],"2":[0,0],"3":[0,0],"4":[0,0]},"_coverageSchema":"1a1c01bbd47fc00a2c39e90264f33305004495a9","hash":"bcb5f78c16797b99814fff71046d740607ea3141"}
,"/Users/kopcion/nurse-scheduling-problem-frontend/src/utils/action.model.ts": {"path":"/Users/kopcion/nurse-scheduling-problem-frontend/src/utils/action.model.ts","statementMap":{},"fnMap":{},"branchMap":{},"s":{},"f":{},"b":{}}
,"/Users/kopcion/nurse-scheduling-problem-frontend/src/utils/data-row.model.ts": {"path":"/Users/kopcion/nurse-scheduling-problem-frontend/src/utils/data-row.model.ts","statementMap":{},"fnMap":{},"branchMap":{},"s":{},"f":{},"b":{}}
,"/Users/kopcion/nurse-scheduling-problem-frontend/src/utils/type-utils.ts": {"path":"/Users/kopcion/nurse-scheduling-problem-frontend/src/utils/type-utils.ts","statementMap":{"0":{"start":{"line":11,"column":2},"end":{"line":11,"column":49}},"1":{"start":{"line":15,"column":30},"end":{"line":15,"column":77}},"2":{"start":{"line":15,"column":59},"end":{"line":15,"column":76}},"3":{"start":{"line":16,"column":2},"end":{"line":16,"column":30}}},"fnMap":{"0":{"name":"isAllObjectPropsDefined","decl":{"start":{"line":8,"column":16},"end":{"line":8,"column":39}},"loc":{"start":{"line":10,"column":23},"end":{"line":12,"column":1}},"line":10},"1":{"name":"isAllValuesDefined","decl":{"start":{"line":14,"column":16},"end":{"line":14,"column":34}},"loc":{"start":{"line":14,"column":63},"end":{"line":17,"column":1}},"line":14},"2":{"name":"(anonymous_2)","decl":{"start":{"line":15,"column":45},"end":{"line":15,"column":46}},"loc":{"start":{"line":15,"column":59},"end":{"line":15,"column":76}},"line":15}},"branchMap":{},"s":{"0":0,"1":8799,"2":21969,"3":8799},"f":{"0":0,"1":8799,"2":21969},"b":{},"_coverageSchema":"1a1c01bbd47fc00a2c39e90264f33305004495a9","hash":"6037dbd9e78dd42dfa7d98736f84a10cb4db30b1"}
,"/Users/kopcion/nurse-scheduling-problem-frontend/src/utils/utils.ts": {"path":"/Users/kopcion/nurse-scheduling-problem-frontend/src/utils/utils.ts","statementMap":{"0":{"start":{"line":4,"column":22},"end":{"line":4,"column":80}},"1":{"start":{"line":4,"column":61},"end":{"line":4,"column":80}}},"fnMap":{"0":{"name":"(anonymous_0)","decl":{"start":{"line":4,"column":22},"end":{"line":4,"column":23}},"loc":{"start":{"line":4,"column":61},"end":{"line":4,"column":80}},"line":4}},"branchMap":{},"s":{"0":57,"1":0},"f":{"0":0},"b":{},"_coverageSchema":"1a1c01bbd47fc00a2c39e90264f33305004495a9","hash":"dbd864d936af3268f6a3cd2054ea53f2847bf7a5"}
}
